Started GET "/" for ::1 at 2024-09-18 13:28:34 +0900
  [1m[35m (0.3ms)[0m  [1m[35mCREATE TABLE "schema_migrations" ("version" varchar NOT NULL PRIMARY KEY)[0m
  [1m[35m (0.1ms)[0m  [1m[35mCREATE TABLE "ar_internal_metadata" ("key" varchar NOT NULL PRIMARY KEY, "value" varchar, "created_at" datetime(6) NOT NULL, "updated_at" datetime(6) NOT NULL)[0m
  [1m[36mActiveRecord::SchemaMigration Load (0.2ms)[0m  [1m[34mSELECT "schema_migrations"."version" FROM "schema_migrations" ORDER BY "schema_migrations"."version" ASC[0m
Processing by Rails::WelcomeController#index as HTML
  Rendering /Users/ryu/.rbenv/versions/3.1.6/lib/ruby/gems/3.1.0/gems/railties-7.2.1/lib/rails/templates/rails/welcome/index.html.erb
  Rendered /Users/ryu/.rbenv/versions/3.1.6/lib/ruby/gems/3.1.0/gems/railties-7.2.1/lib/rails/templates/rails/welcome/index.html.erb (Duration: 0.4ms | GC: 0.2ms)
Completed 200 OK in 11ms (Views: 3.4ms | ActiveRecord: 0.0ms (0 queries, 0 cached) | GC: 0.7ms)


Started GET "/posts" for ::1 at 2024-09-18 13:28:38 +0900
Processing by PostsController#index as HTML
Completed 500 Internal Server Error in 17ms (ActiveRecord: 0.0ms (0 queries, 0 cached) | GC: 1.1ms)


  
NameError (uninitialized constant PostsController::Post

    @posts = Post.all
             ^^^^):
  
app/controllers/posts_controller.rb:5:in `index'
  [1m[36mActiveRecord::InternalMetadata Load (0.1ms)[0m  [1m[34mSELECT * FROM "ar_internal_metadata" WHERE "ar_internal_metadata"."key" = ? ORDER BY "ar_internal_metadata"."key" ASC LIMIT 1[0m  [[nil, "environment"]]
  [1m[36mActiveRecord::InternalMetadata Create (0.1ms)[0m  [1m[32mINSERT INTO "ar_internal_metadata" ("key", "value", "created_at", "updated_at") VALUES ('environment', 'development', '2024-09-18 04:31:47.074773', '2024-09-18 04:31:47.074774') RETURNING "key"[0m
  [1m[36mActiveRecord::SchemaMigration Load (0.0ms)[0m  [1m[34mSELECT "schema_migrations"."version" FROM "schema_migrations" ORDER BY "schema_migrations"."version" ASC[0m
Migrating to CreatePosts (20240918043129)
  [1m[36mActiveRecord::SchemaMigration Load (0.1ms)[0m  [1m[34mSELECT "schema_migrations"."version" FROM "schema_migrations" ORDER BY "schema_migrations"."version" ASC[0m
  [1m[36mActiveRecord::InternalMetadata Load (0.1ms)[0m  [1m[34mSELECT * FROM "ar_internal_metadata" WHERE "ar_internal_metadata"."key" = ? ORDER BY "ar_internal_metadata"."key" ASC LIMIT 1[0m  [[nil, "environment"]]
  [1m[36mActiveRecord::SchemaMigration Load (0.0ms)[0m  [1m[34mSELECT "schema_migrations"."version" FROM "schema_migrations" ORDER BY "schema_migrations"."version" ASC[0m
Migrating to CreatePosts (20240918043129)
  [1m[36mActiveRecord::InternalMetadata Load (0.1ms)[0m  [1m[34mSELECT * FROM "ar_internal_metadata" WHERE "ar_internal_metadata"."key" = ? ORDER BY "ar_internal_metadata"."key" ASC LIMIT 1[0m  [[nil, "environment"]]
  [1m[36mActiveRecord::SchemaMigration Load (0.0ms)[0m  [1m[34mSELECT "schema_migrations"."version" FROM "schema_migrations" ORDER BY "schema_migrations"."version" ASC[0m
Migrating to CreatePosts (20240918043129)
  [1m[36mTRANSACTION (0.0ms)[0m  [1m[36mbegin transaction[0m
  [1m[35m (0.4ms)[0m  [1m[35mCREATE TABLE "posts" ("id" integer PRIMARY KEY AUTOINCREMENT NOT NULL, "title" varchar, "content" varchar, "category" varchar, "created_at" datetime(6) NOT NULL, "updated_at" datetime(6) NOT NULL)[0m
  [1m[36mActiveRecord::SchemaMigration Create (0.0ms)[0m  [1m[32mINSERT INTO "schema_migrations" ("version") VALUES ('20240918043129') RETURNING "version"[0m
  [1m[36mTRANSACTION (0.1ms)[0m  [1m[36mcommit transaction[0m
  [1m[36mActiveRecord::SchemaMigration Load (0.0ms)[0m  [1m[34mSELECT "schema_migrations"."version" FROM "schema_migrations" ORDER BY "schema_migrations"."version" ASC[0m
Started GET "/" for ::1 at 2024-09-18 13:33:22 +0900
  [1m[36mActiveRecord::SchemaMigration Load (0.0ms)[0m  [1m[34mSELECT "schema_migrations"."version" FROM "schema_migrations" ORDER BY "schema_migrations"."version" ASC[0m
Processing by Rails::WelcomeController#index as HTML
  Rendering /Users/ryu/.rbenv/versions/3.1.6/lib/ruby/gems/3.1.0/gems/railties-7.2.1/lib/rails/templates/rails/welcome/index.html.erb
  Rendered /Users/ryu/.rbenv/versions/3.1.6/lib/ruby/gems/3.1.0/gems/railties-7.2.1/lib/rails/templates/rails/welcome/index.html.erb (Duration: 0.3ms | GC: 0.0ms)
Completed 200 OK in 5ms (Views: 1.4ms | ActiveRecord: 0.0ms (0 queries, 0 cached) | GC: 0.0ms)


Started GET "/posts" for ::1 at 2024-09-18 13:33:26 +0900
Processing by PostsController#index as HTML
  Rendering layout layouts/application.html.erb
  Rendering posts/index.html.erb within layouts/application
  [1m[36mPost Load (0.5ms)[0m  [1m[34mSELECT "posts".* FROM "posts"[0m
  â†³ app/views/posts/index.html.erb:10
  Rendered posts/index.html.erb within layouts/application (Duration: 1.4ms | GC: 0.0ms)
  Rendered layout layouts/application.html.erb (Duration: 144.3ms | GC: 41.6ms)
Completed 200 OK in 167ms (Views: 144.6ms | ActiveRecord: 0.5ms (1 query, 0 cached) | GC: 41.6ms)


Started GET "/manifest.json" for ::1 at 2024-09-18 13:33:26 +0900
Processing by Rails::PwaController#manifest as JSON
  Rendering pwa/manifest.json.erb
  Rendered pwa/manifest.json.erb (Duration: 0.4ms | GC: 0.0ms)
Completed 200 OK in 2ms (Views: 1.5ms | ActiveRecord: 0.0ms (0 queries, 0 cached) | GC: 0.0ms)


Started GET "/posts/new" for ::1 at 2024-09-18 13:33:27 +0900
Processing by PostsController#new as HTML
  Rendering layout layouts/application.html.erb
  Rendering posts/new.html.erb within layouts/application
  Rendered posts/new.html.erb within layouts/application (Duration: 14.3ms | GC: 0.4ms)
  Rendered layout layouts/application.html.erb (Duration: 15.8ms | GC: 0.6ms)
Completed 200 OK in 26ms (Views: 16.2ms | ActiveRecord: 0.5ms (0 queries, 0 cached) | GC: 1.2ms)


Started POST "/posts" for ::1 at 2024-09-18 13:33:30 +0900
Processing by PostsController#create as TURBO_STREAM
  Parameters: {"authenticity_token"=>"[FILTERED]", "post"=>{"title"=>"a", "content"=>"aa\n"}, "commit"=>"æŠ•ç¨¿"}
  [1m[36mTRANSACTION (0.1ms)[0m  [1m[36mbegin transaction[0m
  â†³ app/controllers/posts_controller.rb:14:in `create'
  [1m[36mPost Create (0.9ms)[0m  [1m[32mINSERT INTO "posts" ("title", "content", "category", "created_at", "updated_at") VALUES (?, ?, ?, ?, ?) RETURNING "id"[0m  [["title", "a"], ["content", "aa\n"], ["category", nil], ["created_at", "2024-09-18 04:33:30.669981"], ["updated_at", "2024-09-18 04:33:30.669981"]]
  â†³ app/controllers/posts_controller.rb:14:in `create'
  [1m[36mTRANSACTION (0.4ms)[0m  [1m[36mcommit transaction[0m
  â†³ app/controllers/posts_controller.rb:14:in `create'
Redirected to http://localhost:3000/posts
Completed 302 Found in 7ms (ActiveRecord: 1.3ms (1 query, 0 cached) | GC: 1.0ms)


Started GET "/posts" for ::1 at 2024-09-18 13:33:30 +0900
Processing by PostsController#index as TURBO_STREAM
  Rendering layout layouts/application.html.erb
  Rendering posts/index.html.erb within layouts/application
  [1m[36mPost Load (0.0ms)[0m  [1m[34mSELECT "posts".* FROM "posts"[0m
  â†³ app/views/posts/index.html.erb:10
  Rendered posts/index.html.erb within layouts/application (Duration: 1.1ms | GC: 0.0ms)
  Rendered layout layouts/application.html.erb (Duration: 2.6ms | GC: 0.2ms)
Completed 200 OK in 3ms (Views: 2.9ms | ActiveRecord: 0.0ms (1 query, 0 cached) | GC: 0.3ms)


  [1m[36mActiveRecord::InternalMetadata Load (0.2ms)[0m  [1m[34mSELECT * FROM "ar_internal_metadata" WHERE "ar_internal_metadata"."key" = ? ORDER BY "ar_internal_metadata"."key" ASC LIMIT 1[0m  [[nil, "environment"]]
  [1m[36mActiveRecord::SchemaMigration Load (0.0ms)[0m  [1m[34mSELECT "schema_migrations"."version" FROM "schema_migrations" ORDER BY "schema_migrations"."version" ASC[0m
Migrating to DeviseCreateUsers (20240918051822)
  [1m[36mTRANSACTION (0.0ms)[0m  [1m[36mbegin transaction[0m
  [1m[35m (1.1ms)[0m  [1m[35mCREATE TABLE "users" ("id" integer PRIMARY KEY AUTOINCREMENT NOT NULL, "email" varchar DEFAULT '' NOT NULL, "encrypted_password" varchar DEFAULT '' NOT NULL, "reset_password_token" varchar, "reset_password_sent_at" datetime(6), "remember_created_at" datetime(6), "created_at" datetime(6) NOT NULL, "updated_at" datetime(6) NOT NULL)[0m
  [1m[35m (0.0ms)[0m  [1m[35mCREATE UNIQUE INDEX "index_users_on_email" ON "users" ("email")[0m
  [1m[35m (0.0ms)[0m  [1m[35mCREATE UNIQUE INDEX "index_users_on_reset_password_token" ON "users" ("reset_password_token")[0m
  [1m[36mActiveRecord::SchemaMigration Create (0.0ms)[0m  [1m[32mINSERT INTO "schema_migrations" ("version") VALUES ('20240918051822') RETURNING "version"[0m
  [1m[36mTRANSACTION (0.1ms)[0m  [1m[36mcommit transaction[0m
Migrating to AddDeviseToUsers (20240918051836)
  [1m[36mTRANSACTION (0.0ms)[0m  [1m[36mbegin transaction[0m
  [1m[35m (0.4ms)[0m  [1m[35mALTER TABLE "users" ADD "email" varchar DEFAULT '' NOT NULL[0m
  [1m[36mTRANSACTION (0.0ms)[0m  [1m[31mrollback transaction[0m
  [1m[36mActiveRecord::InternalMetadata Load (0.2ms)[0m  [1m[34mSELECT * FROM "ar_internal_metadata" WHERE "ar_internal_metadata"."key" = ? ORDER BY "ar_internal_metadata"."key" ASC LIMIT 1[0m  [[nil, "environment"]]
  [1m[36mActiveRecord::SchemaMigration Load (0.0ms)[0m  [1m[34mSELECT "schema_migrations"."version" FROM "schema_migrations" ORDER BY "schema_migrations"."version" ASC[0m
  [1m[36mActiveRecord::SchemaMigration Load (0.0ms)[0m  [1m[34mSELECT "schema_migrations"."version" FROM "schema_migrations" ORDER BY "schema_migrations"."version" ASC[0m
Started GET "/posts" for ::1 at 2024-09-18 14:20:23 +0900
  [1m[36mActiveRecord::SchemaMigration Load (0.0ms)[0m  [1m[34mSELECT "schema_migrations"."version" FROM "schema_migrations" ORDER BY "schema_migrations"."version" ASC[0m
Processing by PostsController#index as HTML
  Rendering layout layouts/application.html.erb
  Rendering posts/index.html.erb within layouts/application
  [1m[36mPost Load (0.6ms)[0m  [1m[34mSELECT "posts".* FROM "posts"[0m
  â†³ app/views/posts/index.html.erb:10
  Rendered posts/index.html.erb within layouts/application (Duration: 7.8ms | GC: 0.0ms)
  Rendered layout layouts/application.html.erb (Duration: 24.1ms | GC: 0.0ms)
Completed 200 OK in 36ms (Views: 24.9ms | ActiveRecord: 0.7ms (1 query, 0 cached) | GC: 0.0ms)


Started GET "/manifest.json" for ::1 at 2024-09-18 14:20:23 +0900
Processing by Rails::PwaController#manifest as JSON
  Rendering pwa/manifest.json.erb
  Rendered pwa/manifest.json.erb (Duration: 0.1ms | GC: 0.0ms)
Completed 200 OK in 1ms (Views: 0.7ms | ActiveRecord: 0.0ms (0 queries, 0 cached) | GC: 0.0ms)


Started GET "/users/sign_in" for ::1 at 2024-09-18 14:20:24 +0900
Processing by Devise::SessionsController#new as HTML
  Rendering layout layouts/application.html.erb
  Rendering devise/sessions/new.html.erb within layouts/application
  Rendered devise/shared/_links.html.erb (Duration: 0.6ms | GC: 0.0ms)
  Rendered devise/sessions/new.html.erb within layouts/application (Duration: 7.1ms | GC: 0.0ms)
  Rendered layout layouts/application.html.erb (Duration: 8.2ms | GC: 0.0ms)
Completed 200 OK in 17ms (Views: 9.8ms | ActiveRecord: 0.3ms (0 queries, 0 cached) | GC: 0.0ms)


Started GET "/users/sign_up" for ::1 at 2024-09-18 14:20:25 +0900
Processing by Devise::RegistrationsController#new as HTML
  Rendering layout layouts/application.html.erb
  Rendering devise/registrations/new.html.erb within layouts/application
  Rendered devise/shared/_error_messages.html.erb (Duration: 0.2ms | GC: 0.0ms)
  Rendered devise/shared/_links.html.erb (Duration: 0.1ms | GC: 0.0ms)
  Rendered devise/registrations/new.html.erb within layouts/application (Duration: 2.0ms | GC: 0.0ms)
  Rendered layout layouts/application.html.erb (Duration: 3.8ms | GC: 0.7ms)
Completed 200 OK in 6ms (Views: 4.7ms | ActiveRecord: 0.0ms (0 queries, 0 cached) | GC: 0.7ms)


Started GET "/users/sign_in" for ::1 at 2024-09-18 14:20:33 +0900
Processing by Devise::SessionsController#new as HTML
  Rendering layout layouts/application.html.erb
  Rendering devise/sessions/new.html.erb within layouts/application
  Rendered devise/shared/_links.html.erb (Duration: 0.1ms | GC: 0.0ms)
  Rendered devise/sessions/new.html.erb within layouts/application (Duration: 1.6ms | GC: 0.0ms)
  Rendered layout layouts/application.html.erb (Duration: 3.9ms | GC: 0.3ms)
Completed 200 OK in 7ms (Views: 4.4ms | ActiveRecord: 0.0ms (0 queries, 0 cached) | GC: 1.1ms)


Started POST "/users" for ::1 at 2024-09-18 14:20:33 +0900
Processing by Devise::RegistrationsController#create as TURBO_STREAM
  Parameters: {"authenticity_token"=>"[FILTERED]", "user"=>{"email"=>"[FILTERED]", "password"=>"[FILTERED]", "password_confirmation"=>"[FILTERED]"}, "commit"=>"Sign up"}
  [1m[36mTRANSACTION (0.0ms)[0m  [1m[36mbegin transaction[0m
  [1m[36mUser Exists? (0.6ms)[0m  [1m[34mSELECT 1 AS one FROM "users" WHERE "users"."email" = ? LIMIT ?[0m  [["email", "[FILTERED]"], ["LIMIT", 1]]
  [1m[36mUser Create (0.1ms)[0m  [1m[32mINSERT INTO "users" ("email", "encrypted_password", "reset_password_token", "reset_password_sent_at", "remember_created_at", "created_at", "updated_at") VALUES (?, ?, ?, ?, ?, ?, ?) RETURNING "id"[0m  [["email", "[FILTERED]"], ["encrypted_password", "[FILTERED]"], ["reset_password_token", "[FILTERED]"], ["reset_password_sent_at", "[FILTERED]"], ["remember_created_at", nil], ["created_at", "2024-09-18 05:20:34.061019"], ["updated_at", "2024-09-18 05:20:34.061019"]]
  [1m[36mTRANSACTION (0.1ms)[0m  [1m[36mcommit transaction[0m
Redirected to http://localhost:3000/
Completed 303 See Other in 255ms (ActiveRecord: 0.8ms (2 queries, 0 cached) | GC: 0.5ms)


Started GET "/" for ::1 at 2024-09-18 14:20:34 +0900
Processing by Rails::WelcomeController#index as TURBO_STREAM
  Rendering /Users/ryu/.rbenv/versions/3.1.6/lib/ruby/gems/3.1.0/gems/railties-7.2.1/lib/rails/templates/rails/welcome/index.html.erb
  Rendered /Users/ryu/.rbenv/versions/3.1.6/lib/ruby/gems/3.1.0/gems/railties-7.2.1/lib/rails/templates/rails/welcome/index.html.erb (Duration: 0.3ms | GC: 0.0ms)
Completed 200 OK in 1ms (Views: 0.4ms | ActiveRecord: 0.0ms (0 queries, 0 cached) | GC: 0.0ms)


Started GET "/" for ::1 at 2024-09-18 14:20:34 +0900
Processing by Rails::WelcomeController#index as HTML
  Rendering /Users/ryu/.rbenv/versions/3.1.6/lib/ruby/gems/3.1.0/gems/railties-7.2.1/lib/rails/templates/rails/welcome/index.html.erb
  Rendered /Users/ryu/.rbenv/versions/3.1.6/lib/ruby/gems/3.1.0/gems/railties-7.2.1/lib/rails/templates/rails/welcome/index.html.erb (Duration: 0.0ms | GC: 0.0ms)
Completed 200 OK in 0ms (Views: 0.1ms | ActiveRecord: 0.0ms (0 queries, 0 cached) | GC: 0.0ms)


Started GET "/" for ::1 at 2024-09-18 14:21:54 +0900
Processing by Rails::WelcomeController#index as HTML
  Rendering /Users/ryu/.rbenv/versions/3.1.6/lib/ruby/gems/3.1.0/gems/railties-7.2.1/lib/rails/templates/rails/welcome/index.html.erb
  Rendered /Users/ryu/.rbenv/versions/3.1.6/lib/ruby/gems/3.1.0/gems/railties-7.2.1/lib/rails/templates/rails/welcome/index.html.erb (Duration: 0.3ms | GC: 0.0ms)
Completed 200 OK in 2ms (Views: 0.7ms | ActiveRecord: 0.0ms (0 queries, 0 cached) | GC: 0.0ms)


Started POST "/users" for ::1 at 2024-09-18 14:21:56 +0900
Processing by Devise::RegistrationsController#create as TURBO_STREAM
  Parameters: {"authenticity_token"=>"[FILTERED]", "user"=>{"email"=>"[FILTERED]", "password"=>"[FILTERED]", "password_confirmation"=>"[FILTERED]"}, "commit"=>"Sign up"}
  [1m[36mUser Load (0.1ms)[0m  [1m[34mSELECT "users".* FROM "users" WHERE "users"."id" = ? ORDER BY "users"."id" ASC LIMIT ?[0m  [["id", 1], ["LIMIT", 1]]
Redirected to http://localhost:3000/posts
Filter chain halted as :require_no_authentication rendered or redirected
Completed 302 Found in 6ms (ActiveRecord: 0.7ms (1 query, 0 cached) | GC: 0.2ms)


Started GET "/posts" for ::1 at 2024-09-18 14:21:56 +0900
Processing by PostsController#index as TURBO_STREAM
  Rendering layout layouts/application.html.erb
  Rendering posts/index.html.erb within layouts/application
  [1m[36mPost Load (0.1ms)[0m  [1m[34mSELECT "posts".* FROM "posts"[0m
  â†³ app/views/posts/index.html.erb:10
  [1m[36mUser Load (0.0ms)[0m  [1m[34mSELECT "users".* FROM "users" WHERE "users"."id" = ? ORDER BY "users"."id" ASC LIMIT ?[0m  [["id", 1], ["LIMIT", 1]]
  â†³ app/views/posts/index.html.erb:32
  Rendered posts/index.html.erb within layouts/application (Duration: 3.4ms | GC: 0.3ms)
  Rendered layout layouts/application.html.erb (Duration: 40.4ms | GC: 28.7ms)
Completed 200 OK in 43ms (Views: 41.0ms | ActiveRecord: 0.2ms (2 queries, 0 cached) | GC: 28.8ms)


Started GET "/posts/1/edit" for ::1 at 2024-09-18 14:22:00 +0900
Processing by PostsController#edit as HTML
  Parameters: {"id"=>"1"}
  [1m[36mPost Load (0.2ms)[0m  [1m[34mSELECT "posts".* FROM "posts" WHERE "posts"."id" = ? LIMIT ?[0m  [["id", 1], ["LIMIT", 1]]
  â†³ app/controllers/posts_controller.rb:48:in `set_post'
  [1m[36mCACHE Post Load (0.0ms)[0m  [1m[34mSELECT "posts".* FROM "posts" WHERE "posts"."id" = ? LIMIT ?[0m  [["id", 1], ["LIMIT", 1]]
  â†³ app/controllers/posts_controller.rb:22:in `edit'
  Rendering layout layouts/application.html.erb
  Rendering posts/edit.html.erb within layouts/application
  Rendered posts/edit.html.erb within layouts/application (Duration: 3.2ms | GC: 0.0ms)
  Rendered layout layouts/application.html.erb (Duration: 5.2ms | GC: 0.2ms)
Completed 200 OK in 11ms (Views: 5.8ms | ActiveRecord: 0.2ms (2 queries, 1 cached) | GC: 1.0ms)


Started GET "/posts/1/edit" for ::1 at 2024-09-18 14:22:00 +0900
Processing by PostsController#edit as HTML
  Parameters: {"id"=>"1"}
  [1m[36mPost Load (0.2ms)[0m  [1m[34mSELECT "posts".* FROM "posts" WHERE "posts"."id" = ? LIMIT ?[0m  [["id", 1], ["LIMIT", 1]]
  â†³ app/controllers/posts_controller.rb:48:in `set_post'
  [1m[36mCACHE Post Load (0.0ms)[0m  [1m[34mSELECT "posts".* FROM "posts" WHERE "posts"."id" = ? LIMIT ?[0m  [["id", 1], ["LIMIT", 1]]
  â†³ app/controllers/posts_controller.rb:22:in `edit'
  Rendering layout layouts/application.html.erb
  Rendering posts/edit.html.erb within layouts/application
  Rendered posts/edit.html.erb within layouts/application (Duration: 1.6ms | GC: 0.4ms)
  Rendered layout layouts/application.html.erb (Duration: 3.3ms | GC: 0.6ms)
Completed 200 OK in 8ms (Views: 3.5ms | ActiveRecord: 0.2ms (2 queries, 1 cached) | GC: 1.1ms)


Started PATCH "/posts/1" for ::1 at 2024-09-18 14:22:02 +0900
Processing by PostsController#update as TURBO_STREAM
  Parameters: {"authenticity_token"=>"[FILTERED]", "post"=>{"title"=>"a", "content"=>"aa\n"}, "commit"=>"æ›´æ–°", "id"=>"1"}
  [1m[36mPost Load (0.1ms)[0m  [1m[34mSELECT "posts".* FROM "posts" WHERE "posts"."id" = ? LIMIT ?[0m  [["id", 1], ["LIMIT", 1]]
  â†³ app/controllers/posts_controller.rb:48:in `set_post'
Redirected to http://localhost:3000/posts
Completed 302 Found in 4ms (ActiveRecord: 0.1ms (1 query, 0 cached) | GC: 0.4ms)


Started GET "/posts" for ::1 at 2024-09-18 14:22:02 +0900
Processing by PostsController#index as TURBO_STREAM
  Rendering layout layouts/application.html.erb
  Rendering posts/index.html.erb within layouts/application
  [1m[36mPost Load (0.1ms)[0m  [1m[34mSELECT "posts".* FROM "posts"[0m
  â†³ app/views/posts/index.html.erb:10
  [1m[36mUser Load (0.0ms)[0m  [1m[34mSELECT "users".* FROM "users" WHERE "users"."id" = ? ORDER BY "users"."id" ASC LIMIT ?[0m  [["id", 1], ["LIMIT", 1]]
  â†³ app/views/posts/index.html.erb:32
  Rendered posts/index.html.erb within layouts/application (Duration: 2.6ms | GC: 0.2ms)
  Rendered layout layouts/application.html.erb (Duration: 4.2ms | GC: 0.5ms)
Completed 200 OK in 5ms (Views: 4.3ms | ActiveRecord: 0.1ms (2 queries, 0 cached) | GC: 0.5ms)


Started GET "/posts/new" for ::1 at 2024-09-18 14:22:02 +0900
Processing by PostsController#new as HTML
  Rendering layout layouts/application.html.erb
  Rendering posts/new.html.erb within layouts/application
  Rendered posts/new.html.erb within layouts/application (Duration: 2.0ms | GC: 0.2ms)
  Rendered layout layouts/application.html.erb (Duration: 3.7ms | GC: 0.4ms)
Completed 200 OK in 6ms (Views: 4.1ms | ActiveRecord: 0.0ms (0 queries, 0 cached) | GC: 0.4ms)


Started POST "/posts" for ::1 at 2024-09-18 14:22:08 +0900
Processing by PostsController#create as TURBO_STREAM
  Parameters: {"authenticity_token"=>"[FILTERED]", "post"=>{"title"=>"ã“ã‚“ã«ã¡ã¯", "content"=>"2å›žç›®ã«ãŠ"}, "commit"=>"æŠ•ç¨¿"}
  [1m[36mTRANSACTION (0.1ms)[0m  [1m[36mbegin transaction[0m
  â†³ app/controllers/posts_controller.rb:14:in `create'
  [1m[36mPost Create (1.4ms)[0m  [1m[32mINSERT INTO "posts" ("title", "content", "category", "created_at", "updated_at") VALUES (?, ?, ?, ?, ?) RETURNING "id"[0m  [["title", "ã“ã‚“ã«ã¡ã¯"], ["content", "2å›žç›®ã«ãŠ"], ["category", nil], ["created_at", "2024-09-18 05:22:08.597205"], ["updated_at", "2024-09-18 05:22:08.597205"]]
  â†³ app/controllers/posts_controller.rb:14:in `create'
  [1m[36mTRANSACTION (0.7ms)[0m  [1m[36mcommit transaction[0m
  â†³ app/controllers/posts_controller.rb:14:in `create'
Redirected to http://localhost:3000/posts
Completed 302 Found in 7ms (ActiveRecord: 2.2ms (1 query, 0 cached) | GC: 0.3ms)


Started GET "/posts" for ::1 at 2024-09-18 14:22:08 +0900
Processing by PostsController#index as TURBO_STREAM
  Rendering layout layouts/application.html.erb
  Rendering posts/index.html.erb within layouts/application
  [1m[36mPost Load (0.1ms)[0m  [1m[34mSELECT "posts".* FROM "posts"[0m
  â†³ app/views/posts/index.html.erb:10
  [1m[36mUser Load (0.0ms)[0m  [1m[34mSELECT "users".* FROM "users" WHERE "users"."id" = ? ORDER BY "users"."id" ASC LIMIT ?[0m  [["id", 1], ["LIMIT", 1]]
  â†³ app/views/posts/index.html.erb:32
  Rendered posts/index.html.erb within layouts/application (Duration: 2.5ms | GC: 0.1ms)
  Rendered layout layouts/application.html.erb (Duration: 3.5ms | GC: 0.3ms)
Completed 200 OK in 4ms (Views: 3.6ms | ActiveRecord: 0.1ms (2 queries, 0 cached) | GC: 0.3ms)


  [1m[36mActiveRecord::InternalMetadata Load (0.1ms)[0m  [1m[34mSELECT * FROM "ar_internal_metadata" WHERE "ar_internal_metadata"."key" = ? ORDER BY "ar_internal_metadata"."key" ASC LIMIT 1[0m  [[nil, "environment"]]
  [1m[36mActiveRecord::SchemaMigration Load (0.0ms)[0m  [1m[34mSELECT "schema_migrations"."version" FROM "schema_migrations" ORDER BY "schema_migrations"."version" ASC[0m
Migrating to AddNameToUsers (20240918052611)
  [1m[36mTRANSACTION (0.0ms)[0m  [1m[36mbegin transaction[0m
  [1m[35m (0.7ms)[0m  [1m[35mALTER TABLE "users" ADD "name" varchar[0m
  [1m[36mActiveRecord::SchemaMigration Create (0.0ms)[0m  [1m[32mINSERT INTO "schema_migrations" ("version") VALUES ('20240918052611') RETURNING "version"[0m
  [1m[36mTRANSACTION (0.1ms)[0m  [1m[36mcommit transaction[0m
  [1m[36mActiveRecord::SchemaMigration Load (0.0ms)[0m  [1m[34mSELECT "schema_migrations"."version" FROM "schema_migrations" ORDER BY "schema_migrations"."version" ASC[0m
  [1m[36mActiveRecord::InternalMetadata Load (0.2ms)[0m  [1m[34mSELECT * FROM "ar_internal_metadata" WHERE "ar_internal_metadata"."key" = ? ORDER BY "ar_internal_metadata"."key" ASC LIMIT 1[0m  [[nil, "environment"]]
  [1m[36mActiveRecord::SchemaMigration Load (0.0ms)[0m  [1m[34mSELECT "schema_migrations"."version" FROM "schema_migrations" ORDER BY "schema_migrations"."version" ASC[0m
Migrating to AddNameToUsers (20240918052712)
  [1m[36mTRANSACTION (0.0ms)[0m  [1m[36mbegin transaction[0m
  [1m[35m (0.4ms)[0m  [1m[35mALTER TABLE "users" ADD "age" varchar[0m
  [1m[36mActiveRecord::SchemaMigration Create (0.0ms)[0m  [1m[32mINSERT INTO "schema_migrations" ("version") VALUES ('20240918052712') RETURNING "version"[0m
  [1m[36mTRANSACTION (0.1ms)[0m  [1m[36mcommit transaction[0m
  [1m[36mActiveRecord::SchemaMigration Load (0.0ms)[0m  [1m[34mSELECT "schema_migrations"."version" FROM "schema_migrations" ORDER BY "schema_migrations"."version" ASC[0m
  [1m[36mActiveRecord::InternalMetadata Load (0.2ms)[0m  [1m[34mSELECT * FROM "ar_internal_metadata" WHERE "ar_internal_metadata"."key" = ? ORDER BY "ar_internal_metadata"."key" ASC LIMIT 1[0m  [[nil, "environment"]]
  [1m[36mActiveRecord::SchemaMigration Load (0.0ms)[0m  [1m[34mSELECT "schema_migrations"."version" FROM "schema_migrations" ORDER BY "schema_migrations"."version" ASC[0m
Migrating to AddNameToUsers (20240918052729)
  [1m[36mTRANSACTION (0.0ms)[0m  [1m[36mbegin transaction[0m
  [1m[35m (0.5ms)[0m  [1m[35mALTER TABLE "users" ADD "gender" varchar[0m
  [1m[36mActiveRecord::SchemaMigration Create (0.1ms)[0m  [1m[32mINSERT INTO "schema_migrations" ("version") VALUES ('20240918052729') RETURNING "version"[0m
  [1m[36mTRANSACTION (0.1ms)[0m  [1m[36mcommit transaction[0m
  [1m[36mActiveRecord::SchemaMigration Load (0.0ms)[0m  [1m[34mSELECT "schema_migrations"."version" FROM "schema_migrations" ORDER BY "schema_migrations"."version" ASC[0m
Started GET "/posts" for ::1 at 2024-09-18 14:29:33 +0900
  [1m[36mActiveRecord::SchemaMigration Load (0.1ms)[0m  [1m[34mSELECT "schema_migrations"."version" FROM "schema_migrations" ORDER BY "schema_migrations"."version" ASC[0m
Processing by PostsController#index as HTML
  Rendering layout layouts/application.html.erb
  Rendering posts/index.html.erb within layouts/application
  [1m[36mPost Load (0.6ms)[0m  [1m[34mSELECT "posts".* FROM "posts"[0m
  â†³ app/views/posts/index.html.erb:10
  [1m[36mUser Load (0.0ms)[0m  [1m[34mSELECT "users".* FROM "users" WHERE "users"."id" = ? ORDER BY "users"."id" ASC LIMIT ?[0m  [["id", 1], ["LIMIT", 1]]
  â†³ app/views/posts/index.html.erb:32
  Rendered posts/index.html.erb within layouts/application (Duration: 11.8ms | GC: 0.0ms)
  Rendered layout layouts/application.html.erb (Duration: 29.4ms | GC: 0.0ms)
Completed 200 OK in 41ms (Views: 30.0ms | ActiveRecord: 0.9ms (2 queries, 0 cached) | GC: 0.0ms)


Started GET "/manifest.json" for ::1 at 2024-09-18 14:29:33 +0900
Processing by Rails::PwaController#manifest as JSON
  Rendering pwa/manifest.json.erb
  Rendered pwa/manifest.json.erb (Duration: 0.1ms | GC: 0.0ms)
Completed 200 OK in 1ms (Views: 0.8ms | ActiveRecord: 0.0ms (0 queries, 0 cached) | GC: 0.0ms)


Started GET "/users/sign_out" for ::1 at 2024-09-18 14:29:36 +0900
  
ActionController::RoutingError (No route matches [GET] "/users/sign_out"):
  
Started GET "/users/sign_out" for ::1 at 2024-09-18 14:31:10 +0900
  
ActionController::RoutingError (No route matches [GET] "/users/sign_out"):
  
Started GET "/posts/new" for ::1 at 2024-09-18 14:31:12 +0900
Processing by PostsController#new as HTML
  Rendering layout layouts/application.html.erb
  Rendering posts/new.html.erb within layouts/application
  Rendered posts/new.html.erb within layouts/application (Duration: 12.4ms | GC: 0.6ms)
  Rendered layout layouts/application.html.erb (Duration: 14.6ms | GC: 0.8ms)
Completed 200 OK in 17ms (Views: 15.5ms | ActiveRecord: 0.0ms (0 queries, 0 cached) | GC: 1.2ms)


Started GET "/manifest.json" for ::1 at 2024-09-18 14:31:12 +0900
Processing by Rails::PwaController#manifest as JSON
  Rendering pwa/manifest.json.erb
  Rendered pwa/manifest.json.erb (Duration: 0.0ms | GC: 0.0ms)
Completed 200 OK in 0ms (Views: 0.2ms | ActiveRecord: 0.0ms (0 queries, 0 cached) | GC: 0.0ms)


Started POST "/posts" for ::1 at 2024-09-18 14:31:13 +0900
Processing by PostsController#create as TURBO_STREAM
  Parameters: {"authenticity_token"=>"[FILTERED]", "post"=>{"title"=>"ã“ã‚“ã«ã¡ã¯", "content"=>"2å›žç›®ã«ãŠ"}, "commit"=>"æŠ•ç¨¿"}
  [1m[36mTRANSACTION (1.2ms)[0m  [1m[36mbegin transaction[0m
  â†³ app/controllers/posts_controller.rb:14:in `create'
  [1m[36mPost Create (4.3ms)[0m  [1m[32mINSERT INTO "posts" ("title", "content", "category", "created_at", "updated_at") VALUES (?, ?, ?, ?, ?) RETURNING "id"[0m  [["title", "ã“ã‚“ã«ã¡ã¯"], ["content", "2å›žç›®ã«ãŠ"], ["category", nil], ["created_at", "2024-09-18 05:31:13.712991"], ["updated_at", "2024-09-18 05:31:13.712991"]]
  â†³ app/controllers/posts_controller.rb:14:in `create'
  [1m[36mTRANSACTION (0.5ms)[0m  [1m[36mcommit transaction[0m
  â†³ app/controllers/posts_controller.rb:14:in `create'
Redirected to http://localhost:3000/posts
Completed 302 Found in 9ms (ActiveRecord: 5.9ms (1 query, 0 cached) | GC: 0.4ms)


Started GET "/posts" for ::1 at 2024-09-18 14:31:13 +0900
Processing by PostsController#index as TURBO_STREAM
  Rendering layout layouts/application.html.erb
  Rendering posts/index.html.erb within layouts/application
  [1m[36mPost Load (0.0ms)[0m  [1m[34mSELECT "posts".* FROM "posts"[0m
  â†³ app/views/posts/index.html.erb:10
  [1m[36mUser Load (0.0ms)[0m  [1m[34mSELECT "users".* FROM "users" WHERE "users"."id" = ? ORDER BY "users"."id" ASC LIMIT ?[0m  [["id", 1], ["LIMIT", 1]]
  â†³ app/views/posts/index.html.erb:32
  Rendered posts/index.html.erb within layouts/application (Duration: 3.3ms | GC: 0.7ms)
  Rendered layout layouts/application.html.erb (Duration: 4.4ms | GC: 0.7ms)
Completed 200 OK in 6ms (Views: 5.1ms | ActiveRecord: 0.1ms (2 queries, 0 cached) | GC: 1.1ms)


Started GET "/users/sign_out" for ::1 at 2024-09-18 14:31:16 +0900
  
ActionController::RoutingError (No route matches [GET] "/users/sign_out"):
  
Started GET "/users/sign_out" for ::1 at 2024-09-18 14:31:22 +0900
  [1m[36mActiveRecord::SchemaMigration Load (0.1ms)[0m  [1m[34mSELECT "schema_migrations"."version" FROM "schema_migrations" ORDER BY "schema_migrations"."version" ASC[0m
Processing by Devise::SessionsController#destroy as HTML
  [1m[36mUser Load (0.1ms)[0m  [1m[34mSELECT "users".* FROM "users" WHERE "users"."id" = ? ORDER BY "users"."id" ASC LIMIT ?[0m  [["id", 1], ["LIMIT", 1]]
Redirected to http://localhost:3000/
Completed 303 See Other in 22ms (ActiveRecord: 0.7ms (1 query, 0 cached) | GC: 0.0ms)


Started GET "/" for ::1 at 2024-09-18 14:31:22 +0900
Processing by Rails::WelcomeController#index as HTML
  Rendering /Users/ryu/.rbenv/versions/3.1.6/lib/ruby/gems/3.1.0/gems/railties-7.2.1/lib/rails/templates/rails/welcome/index.html.erb
  Rendered /Users/ryu/.rbenv/versions/3.1.6/lib/ruby/gems/3.1.0/gems/railties-7.2.1/lib/rails/templates/rails/welcome/index.html.erb (Duration: 0.3ms | GC: 0.0ms)
Completed 200 OK in 3ms (Views: 1.6ms | ActiveRecord: 0.0ms (0 queries, 0 cached) | GC: 0.0ms)


Started GET "/posts" for ::1 at 2024-09-18 14:31:26 +0900
Processing by PostsController#index as HTML
  Rendering layout layouts/application.html.erb
  Rendering posts/index.html.erb within layouts/application
  [1m[36mPost Load (0.1ms)[0m  [1m[34mSELECT "posts".* FROM "posts"[0m
  â†³ app/views/posts/index.html.erb:10
  Rendered posts/index.html.erb within layouts/application (Duration: 8.4ms | GC: 0.0ms)
  Rendered layout layouts/application.html.erb (Duration: 28.2ms | GC: 0.0ms)
Completed 200 OK in 32ms (Views: 28.6ms | ActiveRecord: 0.5ms (1 query, 0 cached) | GC: 0.0ms)


Started GET "/manifest.json" for ::1 at 2024-09-18 14:31:26 +0900
Processing by Rails::PwaController#manifest as JSON
  Rendering pwa/manifest.json.erb
  Rendered pwa/manifest.json.erb (Duration: 0.3ms | GC: 0.0ms)
Completed 200 OK in 2ms (Views: 1.4ms | ActiveRecord: 0.0ms (0 queries, 0 cached) | GC: 0.0ms)


Started GET "/users/sign_in" for ::1 at 2024-09-18 14:31:28 +0900
Processing by Devise::SessionsController#new as HTML
  Rendering layout layouts/application.html.erb
  Rendering devise/sessions/new.html.erb within layouts/application
  Rendered devise/shared/_links.html.erb (Duration: 1.2ms | GC: 0.3ms)
  Rendered devise/sessions/new.html.erb within layouts/application (Duration: 8.8ms | GC: 0.9ms)
  Rendered layout layouts/application.html.erb (Duration: 10.8ms | GC: 1.2ms)
Completed 200 OK in 16ms (Views: 13.1ms | ActiveRecord: 0.0ms (0 queries, 0 cached) | GC: 1.9ms)


Started GET "/users/sign_up" for ::1 at 2024-09-18 14:31:31 +0900
Processing by Devise::RegistrationsController#new as HTML
  Rendering layout layouts/application.html.erb
  Rendering devise/registrations/new.html.erb within layouts/application
  Rendered devise/shared/_error_messages.html.erb (Duration: 0.3ms | GC: 0.0ms)
  Rendered devise/shared/_links.html.erb (Duration: 0.1ms | GC: 0.0ms)
  Rendered devise/registrations/new.html.erb within layouts/application (Duration: 7.5ms | GC: 0.4ms)
  Rendered layout layouts/application.html.erb (Duration: 8.9ms | GC: 0.5ms)
Completed 200 OK in 12ms (Views: 10.0ms | ActiveRecord: 0.0ms (0 queries, 0 cached) | GC: 0.5ms)


Started GET "/users/sign_in" for ::1 at 2024-09-18 14:31:44 +0900
Processing by Devise::SessionsController#new as HTML
  Rendering layout layouts/application.html.erb
  Rendering devise/sessions/new.html.erb within layouts/application
  Rendered devise/shared/_links.html.erb (Duration: 0.2ms | GC: 0.0ms)
  Rendered devise/sessions/new.html.erb within layouts/application (Duration: 1.8ms | GC: 0.3ms)
  Rendered layout layouts/application.html.erb (Duration: 4.0ms | GC: 0.6ms)
Completed 200 OK in 7ms (Views: 4.6ms | ActiveRecord: 0.0ms (0 queries, 0 cached) | GC: 0.6ms)


Started POST "/users" for ::1 at 2024-09-18 14:31:45 +0900
Processing by Devise::RegistrationsController#create as TURBO_STREAM
  Parameters: {"user"=>{"email"=>"[FILTERED]", "name"=>"ä¸‰ä¸Š", "age"=>"é«˜æ ¡3å¹´ç”Ÿ", "gender"=>"ç”·æ€§", "password"=>"[FILTERED]", "password_confirmation"=>"[FILTERED]"}, "commit"=>"Sign up"}
  [1m[36mTRANSACTION (0.0ms)[0m  [1m[36mbegin transaction[0m
  [1m[36mUser Exists? (0.6ms)[0m  [1m[34mSELECT 1 AS one FROM "users" WHERE "users"."email" = ? LIMIT ?[0m  [["email", "[FILTERED]"], ["LIMIT", 1]]
  [1m[36mUser Create (0.1ms)[0m  [1m[32mINSERT INTO "users" ("email", "encrypted_password", "reset_password_token", "reset_password_sent_at", "remember_created_at", "created_at", "updated_at", "name", "age", "gender") VALUES (?, ?, ?, ?, ?, ?, ?, ?, ?, ?) RETURNING "id"[0m  [["email", "[FILTERED]"], ["encrypted_password", "[FILTERED]"], ["reset_password_token", "[FILTERED]"], ["reset_password_sent_at", "[FILTERED]"], ["remember_created_at", nil], ["created_at", "2024-09-18 05:31:45.540556"], ["updated_at", "2024-09-18 05:31:45.540556"], ["name", "ä¸‰ä¸Š"], ["age", "é«˜æ ¡3å¹´ç”Ÿ"], ["gender", "ç”·æ€§"]]
  [1m[36mTRANSACTION (0.8ms)[0m  [1m[36mcommit transaction[0m
Redirected to http://localhost:3000/posts
Completed 303 See Other in 235ms (ActiveRecord: 1.5ms (2 queries, 0 cached) | GC: 0.6ms)


Started GET "/posts" for ::1 at 2024-09-18 14:31:45 +0900
Processing by PostsController#index as TURBO_STREAM
  Rendering layout layouts/application.html.erb
  Rendering posts/index.html.erb within layouts/application
  [1m[36mPost Load (0.0ms)[0m  [1m[34mSELECT "posts".* FROM "posts"[0m
  â†³ app/views/posts/index.html.erb:10
  [1m[36mUser Load (0.0ms)[0m  [1m[34mSELECT "users".* FROM "users" WHERE "users"."id" = ? ORDER BY "users"."id" ASC LIMIT ?[0m  [["id", 2], ["LIMIT", 1]]
  â†³ app/views/posts/index.html.erb:32
  Rendered posts/index.html.erb within layouts/application (Duration: 1.4ms | GC: 0.2ms)
  Rendered layout layouts/application.html.erb (Duration: 2.2ms | GC: 0.2ms)
Completed 200 OK in 3ms (Views: 2.2ms | ActiveRecord: 0.0ms (2 queries, 0 cached) | GC: 0.2ms)


Started GET "/posts/1/edit" for ::1 at 2024-09-18 14:32:27 +0900
Processing by PostsController#edit as HTML
  Parameters: {"id"=>"1"}
  [1m[36mPost Load (0.5ms)[0m  [1m[34mSELECT "posts".* FROM "posts" WHERE "posts"."id" = ? LIMIT ?[0m  [["id", 1], ["LIMIT", 1]]
  â†³ app/controllers/posts_controller.rb:48:in `set_post'
  [1m[36mCACHE Post Load (0.0ms)[0m  [1m[34mSELECT "posts".* FROM "posts" WHERE "posts"."id" = ? LIMIT ?[0m  [["id", 1], ["LIMIT", 1]]
  â†³ app/controllers/posts_controller.rb:22:in `edit'
  Rendering layout layouts/application.html.erb
  Rendering posts/edit.html.erb within layouts/application
  Rendered posts/edit.html.erb within layouts/application (Duration: 9.5ms | GC: 0.4ms)
  Rendered layout layouts/application.html.erb (Duration: 11.1ms | GC: 0.4ms)
Completed 200 OK in 26ms (Views: 11.5ms | ActiveRecord: 0.5ms (2 queries, 1 cached) | GC: 4.5ms)


Started DELETE "/posts/1" for ::1 at 2024-09-18 14:32:28 +0900
Processing by PostsController#destroy as TURBO_STREAM
  Parameters: {"id"=>"1"}
  [1m[36mPost Load (0.1ms)[0m  [1m[34mSELECT "posts".* FROM "posts" WHERE "posts"."id" = ? LIMIT ?[0m  [["id", 1], ["LIMIT", 1]]
  â†³ app/controllers/posts_controller.rb:48:in `set_post'
  [1m[36mCACHE Post Load (0.0ms)[0m  [1m[34mSELECT "posts".* FROM "posts" WHERE "posts"."id" = ? LIMIT ?[0m  [["id", 1], ["LIMIT", 1]]
  â†³ app/controllers/posts_controller.rb:36:in `destroy'
  [1m[36mTRANSACTION (0.1ms)[0m  [1m[36mbegin transaction[0m
  â†³ app/controllers/posts_controller.rb:37:in `destroy'
  [1m[36mPost Destroy (0.8ms)[0m  [1m[31mDELETE FROM "posts" WHERE "posts"."id" = ?[0m  [["id", 1]]
  â†³ app/controllers/posts_controller.rb:37:in `destroy'
  [1m[36mTRANSACTION (0.3ms)[0m  [1m[36mcommit transaction[0m
  â†³ app/controllers/posts_controller.rb:37:in `destroy'
Redirected to http://localhost:3000/posts
Completed 302 Found in 8ms (ActiveRecord: 1.3ms (3 queries, 1 cached) | GC: 0.7ms)


Started GET "/posts" for ::1 at 2024-09-18 14:32:28 +0900
Processing by PostsController#index as TURBO_STREAM
  Rendering layout layouts/application.html.erb
  Rendering posts/index.html.erb within layouts/application
  [1m[36mPost Load (0.0ms)[0m  [1m[34mSELECT "posts".* FROM "posts"[0m
  â†³ app/views/posts/index.html.erb:10
  [1m[36mUser Load (0.0ms)[0m  [1m[34mSELECT "users".* FROM "users" WHERE "users"."id" = ? ORDER BY "users"."id" ASC LIMIT ?[0m  [["id", 2], ["LIMIT", 1]]
  â†³ app/views/posts/index.html.erb:32
  Rendered posts/index.html.erb within layouts/application (Duration: 3.4ms | GC: 0.2ms)
  Rendered layout layouts/application.html.erb (Duration: 4.6ms | GC: 0.2ms)
Completed 200 OK in 6ms (Views: 4.8ms | ActiveRecord: 0.1ms (2 queries, 0 cached) | GC: 0.4ms)


Started DELETE "/posts/2" for ::1 at 2024-09-18 14:32:29 +0900
Processing by PostsController#destroy as TURBO_STREAM
  Parameters: {"id"=>"2"}
  [1m[36mPost Load (0.2ms)[0m  [1m[34mSELECT "posts".* FROM "posts" WHERE "posts"."id" = ? LIMIT ?[0m  [["id", 2], ["LIMIT", 1]]
  â†³ app/controllers/posts_controller.rb:48:in `set_post'
  [1m[36mCACHE Post Load (0.0ms)[0m  [1m[34mSELECT "posts".* FROM "posts" WHERE "posts"."id" = ? LIMIT ?[0m  [["id", 2], ["LIMIT", 1]]
  â†³ app/controllers/posts_controller.rb:36:in `destroy'
  [1m[36mTRANSACTION (0.1ms)[0m  [1m[36mbegin transaction[0m
  â†³ app/controllers/posts_controller.rb:37:in `destroy'
  [1m[36mPost Destroy (0.8ms)[0m  [1m[31mDELETE FROM "posts" WHERE "posts"."id" = ?[0m  [["id", 2]]
  â†³ app/controllers/posts_controller.rb:37:in `destroy'
  [1m[36mTRANSACTION (0.1ms)[0m  [1m[36mcommit transaction[0m
  â†³ app/controllers/posts_controller.rb:37:in `destroy'
Redirected to http://localhost:3000/posts
Completed 302 Found in 7ms (ActiveRecord: 1.1ms (3 queries, 1 cached) | GC: 0.6ms)


Started GET "/posts" for ::1 at 2024-09-18 14:32:29 +0900
Processing by PostsController#index as TURBO_STREAM
  Rendering layout layouts/application.html.erb
  Rendering posts/index.html.erb within layouts/application
  [1m[36mPost Load (0.1ms)[0m  [1m[34mSELECT "posts".* FROM "posts"[0m
  â†³ app/views/posts/index.html.erb:10
  [1m[36mUser Load (0.0ms)[0m  [1m[34mSELECT "users".* FROM "users" WHERE "users"."id" = ? ORDER BY "users"."id" ASC LIMIT ?[0m  [["id", 2], ["LIMIT", 1]]
  â†³ app/views/posts/index.html.erb:32
  Rendered posts/index.html.erb within layouts/application (Duration: 2.6ms | GC: 0.2ms)
  Rendered layout layouts/application.html.erb (Duration: 4.0ms | GC: 0.4ms)
Completed 200 OK in 5ms (Views: 4.1ms | ActiveRecord: 0.1ms (2 queries, 0 cached) | GC: 0.4ms)


Started DELETE "/posts/3" for ::1 at 2024-09-18 14:32:29 +0900
Processing by PostsController#destroy as TURBO_STREAM
  Parameters: {"id"=>"3"}
  [1m[36mPost Load (0.1ms)[0m  [1m[34mSELECT "posts".* FROM "posts" WHERE "posts"."id" = ? LIMIT ?[0m  [["id", 3], ["LIMIT", 1]]
  â†³ app/controllers/posts_controller.rb:48:in `set_post'
  [1m[36mCACHE Post Load (0.0ms)[0m  [1m[34mSELECT "posts".* FROM "posts" WHERE "posts"."id" = ? LIMIT ?[0m  [["id", 3], ["LIMIT", 1]]
  â†³ app/controllers/posts_controller.rb:36:in `destroy'
  [1m[36mTRANSACTION (0.1ms)[0m  [1m[36mbegin transaction[0m
  â†³ app/controllers/posts_controller.rb:37:in `destroy'
  [1m[36mPost Destroy (1.1ms)[0m  [1m[31mDELETE FROM "posts" WHERE "posts"."id" = ?[0m  [["id", 3]]
  â†³ app/controllers/posts_controller.rb:37:in `destroy'
  [1m[36mTRANSACTION (0.1ms)[0m  [1m[36mcommit transaction[0m
  â†³ app/controllers/posts_controller.rb:37:in `destroy'
Redirected to http://localhost:3000/posts
Completed 302 Found in 6ms (ActiveRecord: 1.4ms (3 queries, 1 cached) | GC: 0.2ms)


Started GET "/posts" for ::1 at 2024-09-18 14:32:29 +0900
Processing by PostsController#index as TURBO_STREAM
  Rendering layout layouts/application.html.erb
  Rendering posts/index.html.erb within layouts/application
  [1m[36mPost Load (0.0ms)[0m  [1m[34mSELECT "posts".* FROM "posts"[0m
  â†³ app/views/posts/index.html.erb:10
  [1m[36mUser Load (0.0ms)[0m  [1m[34mSELECT "users".* FROM "users" WHERE "users"."id" = ? ORDER BY "users"."id" ASC LIMIT ?[0m  [["id", 2], ["LIMIT", 1]]
  â†³ app/views/posts/index.html.erb:32
  Rendered posts/index.html.erb within layouts/application (Duration: 1.9ms | GC: 0.1ms)
  Rendered layout layouts/application.html.erb (Duration: 3.0ms | GC: 0.1ms)
Completed 200 OK in 4ms (Views: 3.1ms | ActiveRecord: 0.1ms (2 queries, 0 cached) | GC: 0.1ms)


Started GET "/users/sign_out" for ::1 at 2024-09-18 14:33:34 +0900
Processing by Devise::SessionsController#destroy as HTML
  [1m[36mUser Load (0.2ms)[0m  [1m[34mSELECT "users".* FROM "users" WHERE "users"."id" = ? ORDER BY "users"."id" ASC LIMIT ?[0m  [["id", 2], ["LIMIT", 1]]
Redirected to http://localhost:3000/
Completed 303 See Other in 9ms (ActiveRecord: 0.2ms (1 query, 0 cached) | GC: 0.3ms)


Started GET "/" for ::1 at 2024-09-18 14:33:34 +0900
Processing by Rails::WelcomeController#index as HTML
  Rendering /Users/ryu/.rbenv/versions/3.1.6/lib/ruby/gems/3.1.0/gems/railties-7.2.1/lib/rails/templates/rails/welcome/index.html.erb
  Rendered /Users/ryu/.rbenv/versions/3.1.6/lib/ruby/gems/3.1.0/gems/railties-7.2.1/lib/rails/templates/rails/welcome/index.html.erb (Duration: 0.3ms | GC: 0.0ms)
Completed 200 OK in 1ms (Views: 0.5ms | ActiveRecord: 0.0ms (0 queries, 0 cached) | GC: 0.0ms)


Started GET "/users/sign_out" for ::1 at 2024-09-18 14:33:34 +0900
Processing by Devise::SessionsController#destroy as HTML
Redirected to http://localhost:3000/
Filter chain halted as :verify_signed_out_user rendered or redirected
Completed 303 See Other in 2ms (ActiveRecord: 0.0ms (0 queries, 0 cached) | GC: 1.1ms)


Started GET "/" for ::1 at 2024-09-18 14:33:34 +0900
Processing by Rails::WelcomeController#index as HTML
  Rendering /Users/ryu/.rbenv/versions/3.1.6/lib/ruby/gems/3.1.0/gems/railties-7.2.1/lib/rails/templates/rails/welcome/index.html.erb
  Rendered /Users/ryu/.rbenv/versions/3.1.6/lib/ruby/gems/3.1.0/gems/railties-7.2.1/lib/rails/templates/rails/welcome/index.html.erb (Duration: 0.1ms | GC: 0.0ms)
Completed 200 OK in 0ms (Views: 0.2ms | ActiveRecord: 0.0ms (0 queries, 0 cached) | GC: 0.0ms)


Started GET "/" for ::1 at 2024-09-18 14:38:02 +0900
  [1m[36mActiveRecord::SchemaMigration Load (0.1ms)[0m  [1m[34mSELECT "schema_migrations"."version" FROM "schema_migrations" ORDER BY "schema_migrations"."version" ASC[0m
Processing by Rails::WelcomeController#index as HTML
  Rendering /Users/ryu/.rbenv/versions/3.1.6/lib/ruby/gems/3.1.0/gems/railties-7.2.1/lib/rails/templates/rails/welcome/index.html.erb
  Rendered /Users/ryu/.rbenv/versions/3.1.6/lib/ruby/gems/3.1.0/gems/railties-7.2.1/lib/rails/templates/rails/welcome/index.html.erb (Duration: 0.4ms | GC: 0.0ms)
Completed 200 OK in 6ms (Views: 1.4ms | ActiveRecord: 0.0ms (0 queries, 0 cached) | GC: 0.0ms)


Started GET "/posts" for ::1 at 2024-09-18 14:38:12 +0900
Processing by PostsController#index as HTML
  Rendering layout layouts/application.html.erb
  Rendering posts/index.html.erb within layouts/application
  [1m[36mPost Load (0.9ms)[0m  [1m[34mSELECT "posts".* FROM "posts"[0m
  â†³ app/views/posts/index.html.erb:10
  Rendered posts/index.html.erb within layouts/application (Duration: 7.8ms | GC: 0.0ms)
  Rendered layout layouts/application.html.erb (Duration: 28.6ms | GC: 0.0ms)
Completed 200 OK in 40ms (Views: 28.6ms | ActiveRecord: 1.0ms (1 query, 0 cached) | GC: 0.0ms)


Started GET "/manifest.json" for ::1 at 2024-09-18 14:38:13 +0900
Processing by Rails::PwaController#manifest as JSON
  Rendering pwa/manifest.json.erb
  Rendered pwa/manifest.json.erb (Duration: 0.2ms | GC: 0.0ms)
Completed 200 OK in 1ms (Views: 0.7ms | ActiveRecord: 0.0ms (0 queries, 0 cached) | GC: 0.0ms)


Started GET "/users/sign_in" for ::1 at 2024-09-18 14:38:14 +0900
Processing by Devise::SessionsController#new as HTML
  Rendering layout layouts/application.html.erb
  Rendering devise/sessions/new.html.erb within layouts/application
  Rendered devise/shared/_links.html.erb (Duration: 0.5ms | GC: 0.0ms)
  Rendered devise/sessions/new.html.erb within layouts/application (Duration: 4.8ms | GC: 0.0ms)
  Rendered layout layouts/application.html.erb (Duration: 6.0ms | GC: 0.0ms)
Completed 200 OK in 18ms (Views: 7.3ms | ActiveRecord: 0.6ms (0 queries, 0 cached) | GC: 0.0ms)


Started POST "/users/sign_in" for ::1 at 2024-09-18 14:38:21 +0900
Processing by Devise::SessionsController#create as TURBO_STREAM
  Parameters: {"user"=>{"email"=>"[FILTERED]", "password"=>"[FILTERED]", "remember_me"=>"0"}, "commit"=>"Log in"}
  [1m[36mUser Load (0.4ms)[0m  [1m[34mSELECT "users".* FROM "users" WHERE "users"."email" = ? ORDER BY "users"."id" ASC LIMIT ?[0m  [["email", "[FILTERED]"], ["LIMIT", 1]]
Redirected to http://localhost:3000/posts
Completed 303 See Other in 241ms (ActiveRecord: 0.4ms (1 query, 0 cached) | GC: 15.0ms)


Started GET "/posts" for ::1 at 2024-09-18 14:38:21 +0900
Processing by PostsController#index as TURBO_STREAM
  Rendering layout layouts/application.html.erb
  Rendering posts/index.html.erb within layouts/application
  [1m[36mPost Load (0.0ms)[0m  [1m[34mSELECT "posts".* FROM "posts"[0m
  â†³ app/views/posts/index.html.erb:10
  [1m[36mUser Load (0.1ms)[0m  [1m[34mSELECT "users".* FROM "users" WHERE "users"."id" = ? ORDER BY "users"."id" ASC LIMIT ?[0m  [["id", 1], ["LIMIT", 1]]
  â†³ app/views/posts/index.html.erb:32
  Rendered posts/index.html.erb within layouts/application (Duration: 1.3ms | GC: 0.2ms)
  Rendered layout layouts/application.html.erb (Duration: 2.0ms | GC: 0.3ms)
Completed 200 OK in 2ms (Views: 2.0ms | ActiveRecord: 0.1ms (2 queries, 0 cached) | GC: 0.3ms)


Started GET "/users/sign_out" for ::1 at 2024-09-18 14:38:22 +0900
Processing by Devise::SessionsController#destroy as HTML
  [1m[36mUser Load (0.2ms)[0m  [1m[34mSELECT "users".* FROM "users" WHERE "users"."id" = ? ORDER BY "users"."id" ASC LIMIT ?[0m  [["id", 1], ["LIMIT", 1]]
Completed 500 Internal Server Error in 17ms (ActiveRecord: 0.2ms (1 query, 0 cached) | GC: 0.7ms)


  
NameError (undefined local variable or method `login_path' for #<Devise::SessionsController:0x0000000000cb70>

    login_path
    ^^^^^^^^^^):
  
app/controllers/application_controller.rb:18:in `after_sign_out_path_for'
Started GET "/posts" for ::1 at 2024-09-18 14:38:34 +0900
Processing by PostsController#index as HTML
  Rendering layout layouts/application.html.erb
  Rendering posts/index.html.erb within layouts/application
  [1m[36mPost Load (0.5ms)[0m  [1m[34mSELECT "posts".* FROM "posts"[0m
  â†³ app/views/posts/index.html.erb:10
  [1m[36mUser Load (0.0ms)[0m  [1m[34mSELECT "users".* FROM "users" WHERE "users"."id" = ? ORDER BY "users"."id" ASC LIMIT ?[0m  [["id", 1], ["LIMIT", 1]]
  â†³ app/views/posts/index.html.erb:32
  Rendered posts/index.html.erb within layouts/application (Duration: 5.4ms | GC: 0.4ms)
  Rendered layout layouts/application.html.erb (Duration: 13.0ms | GC: 2.0ms)
Completed 200 OK in 17ms (Views: 13.3ms | ActiveRecord: 0.7ms (2 queries, 0 cached) | GC: 2.4ms)


Started GET "/manifest.json" for ::1 at 2024-09-18 14:38:34 +0900
Processing by Rails::PwaController#manifest as JSON
  Rendering pwa/manifest.json.erb
  Rendered pwa/manifest.json.erb (Duration: 0.2ms | GC: 0.0ms)
Completed 200 OK in 1ms (Views: 1.2ms | ActiveRecord: 0.0ms (0 queries, 0 cached) | GC: 0.2ms)


Started GET "/users/sign_out" for ::1 at 2024-09-18 14:38:35 +0900
Processing by Devise::SessionsController#destroy as HTML
  [1m[36mUser Load (0.1ms)[0m  [1m[34mSELECT "users".* FROM "users" WHERE "users"."id" = ? ORDER BY "users"."id" ASC LIMIT ?[0m  [["id", 1], ["LIMIT", 1]]
Redirected to http://localhost:3000/users/sign_in
Completed 303 See Other in 5ms (ActiveRecord: 0.1ms (1 query, 0 cached) | GC: 0.2ms)


Started GET "/users/sign_in" for ::1 at 2024-09-18 14:38:35 +0900
Processing by Devise::SessionsController#new as HTML
  Rendering layout layouts/application.html.erb
  Rendering devise/sessions/new.html.erb within layouts/application
  Rendered devise/shared/_links.html.erb (Duration: 0.4ms | GC: 0.0ms)
  Rendered devise/sessions/new.html.erb within layouts/application (Duration: 1.9ms | GC: 0.1ms)
  Rendered layout layouts/application.html.erb (Duration: 3.1ms | GC: 0.3ms)
Completed 200 OK in 5ms (Views: 4.6ms | ActiveRecord: 0.0ms (0 queries, 0 cached) | GC: 0.3ms)


Started GET "/users/sign_up" for ::1 at 2024-09-18 14:38:39 +0900
Processing by Devise::RegistrationsController#new as HTML
  Rendering layout layouts/application.html.erb
  Rendering devise/registrations/new.html.erb within layouts/application
  Rendered devise/shared/_error_messages.html.erb (Duration: 0.3ms | GC: 0.0ms)
  Rendered devise/shared/_links.html.erb (Duration: 0.2ms | GC: 0.0ms)
  Rendered devise/registrations/new.html.erb within layouts/application (Duration: 5.8ms | GC: 0.4ms)
  Rendered layout layouts/application.html.erb (Duration: 7.4ms | GC: 0.6ms)
Completed 200 OK in 10ms (Views: 8.5ms | ActiveRecord: 0.0ms (0 queries, 0 cached) | GC: 0.6ms)


Started GET "/users/sign_up" for ::1 at 2024-09-18 14:38:45 +0900
Processing by Devise::RegistrationsController#new as HTML
  Rendering layout layouts/application.html.erb
  Rendering devise/registrations/new.html.erb within layouts/application
  Rendered devise/shared/_error_messages.html.erb (Duration: 0.0ms | GC: 0.0ms)
  Rendered devise/shared/_links.html.erb (Duration: 0.1ms | GC: 0.0ms)
  Rendered devise/registrations/new.html.erb within layouts/application (Duration: 2.4ms | GC: 0.2ms)
  Rendered layout layouts/application.html.erb (Duration: 4.8ms | GC: 0.5ms)
Completed 200 OK in 7ms (Views: 5.2ms | ActiveRecord: 0.0ms (0 queries, 0 cached) | GC: 0.5ms)


Started GET "/" for ::1 at 2024-09-18 14:45:33 +0900
  [1m[36mActiveRecord::SchemaMigration Load (0.1ms)[0m  [1m[34mSELECT "schema_migrations"."version" FROM "schema_migrations" ORDER BY "schema_migrations"."version" ASC[0m
Processing by LoginController#index as HTML
  Rendering layout layouts/application.html.erb
  Rendering login/index.html.erb within layouts/application
  Rendered login/index.html.erb within layouts/application (Duration: 4.3ms | GC: 0.0ms)
  Rendered layout layouts/application.html.erb (Duration: 22.5ms | GC: 0.0ms)
Completed 200 OK in 32ms (Views: 24.2ms | ActiveRecord: 0.0ms (0 queries, 0 cached) | GC: 0.0ms)


Started GET "/manifest.json" for ::1 at 2024-09-18 14:45:33 +0900
Processing by Rails::PwaController#manifest as JSON
  Rendering pwa/manifest.json.erb
  Rendered pwa/manifest.json.erb (Duration: 0.3ms | GC: 0.0ms)
Completed 200 OK in 2ms (Views: 1.2ms | ActiveRecord: 0.0ms (0 queries, 0 cached) | GC: 0.0ms)


Started GET "/users/sign_in" for ::1 at 2024-09-18 14:45:34 +0900
Processing by Devise::SessionsController#new as HTML
  Rendering layout layouts/application.html.erb
  Rendering devise/sessions/new.html.erb within layouts/application
  Rendered devise/shared/_links.html.erb (Duration: 0.4ms | GC: 0.0ms)
  Rendered devise/sessions/new.html.erb within layouts/application (Duration: 4.0ms | GC: 0.0ms)
  Rendered layout layouts/application.html.erb (Duration: 5.0ms | GC: 0.0ms)
Completed 200 OK in 15ms (Views: 6.4ms | ActiveRecord: 1.2ms (0 queries, 0 cached) | GC: 0.0ms)


Started GET "/users/sign_up" for ::1 at 2024-09-18 14:45:35 +0900
Processing by Devise::RegistrationsController#new as HTML
  Rendering layout layouts/application.html.erb
  Rendering devise/registrations/new.html.erb within layouts/application
  Rendered devise/shared/_error_messages.html.erb (Duration: 0.3ms | GC: 0.0ms)
  Rendered devise/shared/_links.html.erb (Duration: 0.2ms | GC: 0.0ms)
  Rendered devise/registrations/new.html.erb within layouts/application (Duration: 5.7ms | GC: 0.0ms)
  Rendered layout layouts/application.html.erb (Duration: 18.6ms | GC: 11.2ms)
Completed 200 OK in 21ms (Views: 19.7ms | ActiveRecord: 0.0ms (0 queries, 0 cached) | GC: 11.2ms)


Started POST "/users" for ::1 at 2024-09-18 14:45:51 +0900
Processing by Devise::RegistrationsController#create as TURBO_STREAM
  Parameters: {"user"=>{"email"=>"[FILTERED]", "name"=>"ru-se", "age"=>"é«˜æ ¡2å¹´ç”Ÿ", "gender"=>"å¥³æ€§", "password"=>"[FILTERED]", "password_confirmation"=>"[FILTERED]"}, "commit"=>"Sign up"}
  [1m[36mTRANSACTION (0.0ms)[0m  [1m[36mbegin transaction[0m
  [1m[36mUser Exists? (0.9ms)[0m  [1m[34mSELECT 1 AS one FROM "users" WHERE "users"."email" = ? LIMIT ?[0m  [["email", "[FILTERED]"], ["LIMIT", 1]]
  [1m[36mUser Create (1.2ms)[0m  [1m[32mINSERT INTO "users" ("email", "encrypted_password", "reset_password_token", "reset_password_sent_at", "remember_created_at", "created_at", "updated_at", "name", "age", "gender") VALUES (?, ?, ?, ?, ?, ?, ?, ?, ?, ?) RETURNING "id"[0m  [["email", "[FILTERED]"], ["encrypted_password", "[FILTERED]"], ["reset_password_token", "[FILTERED]"], ["reset_password_sent_at", "[FILTERED]"], ["remember_created_at", nil], ["created_at", "2024-09-18 05:45:51.706127"], ["updated_at", "2024-09-18 05:45:51.706127"], ["name", "ru-se"], ["age", "é«˜æ ¡2å¹´ç”Ÿ"], ["gender", "å¥³æ€§"]]
  [1m[36mTRANSACTION (0.2ms)[0m  [1m[36mcommit transaction[0m
Redirected to http://localhost:3000/posts
Completed 303 See Other in 233ms (ActiveRecord: 2.4ms (2 queries, 0 cached) | GC: 1.5ms)


Started GET "/posts" for ::1 at 2024-09-18 14:45:51 +0900
Processing by PostsController#index as TURBO_STREAM
  Rendering layout layouts/application.html.erb
  Rendering posts/index.html.erb within layouts/application
  [1m[36mPost Load (0.0ms)[0m  [1m[34mSELECT "posts".* FROM "posts"[0m
  â†³ app/views/posts/index.html.erb:10
  [1m[36mUser Load (0.0ms)[0m  [1m[34mSELECT "users".* FROM "users" WHERE "users"."id" = ? ORDER BY "users"."id" ASC LIMIT ?[0m  [["id", 3], ["LIMIT", 1]]
  â†³ app/views/posts/index.html.erb:32
  Rendered posts/index.html.erb within layouts/application (Duration: 1.7ms | GC: 0.1ms)
  Rendered layout layouts/application.html.erb (Duration: 2.6ms | GC: 0.2ms)
Completed 200 OK in 4ms (Views: 3.0ms | ActiveRecord: 0.1ms (2 queries, 0 cached) | GC: 0.4ms)


Started GET "/posts/new" for ::1 at 2024-09-18 14:45:55 +0900
Processing by PostsController#new as HTML
  Rendering layout layouts/application.html.erb
  Rendering posts/new.html.erb within layouts/application
  Rendered posts/new.html.erb within layouts/application (Duration: 2.5ms | GC: 0.2ms)
  Rendered layout layouts/application.html.erb (Duration: 4.3ms | GC: 0.3ms)
Completed 200 OK in 11ms (Views: 4.6ms | ActiveRecord: 0.4ms (0 queries, 0 cached) | GC: 0.6ms)


Started POST "/posts" for ::1 at 2024-09-18 14:45:58 +0900
Processing by PostsController#create as TURBO_STREAM
  Parameters: {"post"=>{"title"=>"ã‚", "content"=>"ã‚"}, "commit"=>"æŠ•ç¨¿"}
  [1m[36mTRANSACTION (0.1ms)[0m  [1m[36mbegin transaction[0m
  â†³ app/controllers/posts_controller.rb:14:in `create'
  [1m[36mPost Create (1.5ms)[0m  [1m[32mINSERT INTO "posts" ("title", "content", "category", "created_at", "updated_at") VALUES (?, ?, ?, ?, ?) RETURNING "id"[0m  [["title", "ã‚"], ["content", "ã‚"], ["category", nil], ["created_at", "2024-09-18 05:45:58.983540"], ["updated_at", "2024-09-18 05:45:58.983540"]]
  â†³ app/controllers/posts_controller.rb:14:in `create'
  [1m[36mTRANSACTION (0.3ms)[0m  [1m[36mcommit transaction[0m
  â†³ app/controllers/posts_controller.rb:14:in `create'
Redirected to http://localhost:3000/posts
Completed 302 Found in 7ms (ActiveRecord: 1.8ms (1 query, 0 cached) | GC: 0.4ms)


Started GET "/posts" for ::1 at 2024-09-18 14:45:58 +0900
Processing by PostsController#index as TURBO_STREAM
  Rendering layout layouts/application.html.erb
  Rendering posts/index.html.erb within layouts/application
  [1m[36mPost Load (0.1ms)[0m  [1m[34mSELECT "posts".* FROM "posts"[0m
  â†³ app/views/posts/index.html.erb:10
  [1m[36mUser Load (0.0ms)[0m  [1m[34mSELECT "users".* FROM "users" WHERE "users"."id" = ? ORDER BY "users"."id" ASC LIMIT ?[0m  [["id", 3], ["LIMIT", 1]]
  â†³ app/views/posts/index.html.erb:32
  Rendered posts/index.html.erb within layouts/application (Duration: 2.8ms | GC: 0.0ms)
  Rendered layout layouts/application.html.erb (Duration: 4.2ms | GC: 0.1ms)
Completed 200 OK in 5ms (Views: 4.4ms | ActiveRecord: 0.1ms (2 queries, 0 cached) | GC: 0.3ms)


Started GET "/users/sign_out" for ::1 at 2024-09-18 14:46:00 +0900
Processing by Devise::SessionsController#destroy as HTML
  [1m[36mUser Load (0.2ms)[0m  [1m[34mSELECT "users".* FROM "users" WHERE "users"."id" = ? ORDER BY "users"."id" ASC LIMIT ?[0m  [["id", 3], ["LIMIT", 1]]
Redirected to http://localhost:3000/users/sign_in
Completed 303 See Other in 15ms (ActiveRecord: 0.2ms (1 query, 0 cached) | GC: 0.8ms)


Started GET "/users/sign_in" for ::1 at 2024-09-18 14:46:00 +0900
Processing by Devise::SessionsController#new as HTML
  Rendering layout layouts/application.html.erb
  Rendering devise/sessions/new.html.erb within layouts/application
  Rendered devise/shared/_links.html.erb (Duration: 0.1ms | GC: 0.0ms)
  Rendered devise/sessions/new.html.erb within layouts/application (Duration: 1.0ms | GC: 0.0ms)
  Rendered layout layouts/application.html.erb (Duration: 2.3ms | GC: 0.2ms)
Completed 200 OK in 4ms (Views: 2.7ms | ActiveRecord: 0.0ms (0 queries, 0 cached) | GC: 0.3ms)


Started GET "/users/sign_up" for ::1 at 2024-09-18 14:46:01 +0900
Processing by Devise::RegistrationsController#new as HTML
  Rendering layout layouts/application.html.erb
  Rendering devise/registrations/new.html.erb within layouts/application
  Rendered devise/shared/_error_messages.html.erb (Duration: 0.0ms | GC: 0.0ms)
  Rendered devise/shared/_links.html.erb (Duration: 0.1ms | GC: 0.0ms)
  Rendered devise/registrations/new.html.erb within layouts/application (Duration: 2.4ms | GC: 0.2ms)
  Rendered layout layouts/application.html.erb (Duration: 4.4ms | GC: 0.4ms)
Completed 200 OK in 7ms (Views: 4.9ms | ActiveRecord: 0.0ms (0 queries, 0 cached) | GC: 0.4ms)


Started GET "/users/sign_up" for ::1 at 2024-09-18 14:46:02 +0900
Processing by Devise::RegistrationsController#new as HTML
  Rendering layout layouts/application.html.erb
  Rendering devise/registrations/new.html.erb within layouts/application
  Rendered devise/shared/_error_messages.html.erb (Duration: 0.0ms | GC: 0.0ms)
  Rendered devise/shared/_links.html.erb (Duration: 0.1ms | GC: 0.0ms)
  Rendered devise/registrations/new.html.erb within layouts/application (Duration: 1.9ms | GC: 0.0ms)
  Rendered layout layouts/application.html.erb (Duration: 3.5ms | GC: 0.2ms)
Completed 200 OK in 6ms (Views: 4.0ms | ActiveRecord: 0.0ms (0 queries, 0 cached) | GC: 0.3ms)


Started GET "/users/sign_up" for ::1 at 2024-09-18 14:46:03 +0900
Processing by Devise::RegistrationsController#new as HTML
  Rendering layout layouts/application.html.erb
  Rendering devise/registrations/new.html.erb within layouts/application
  Rendered devise/shared/_error_messages.html.erb (Duration: 0.0ms | GC: 0.0ms)
  Rendered devise/shared/_links.html.erb (Duration: 0.1ms | GC: 0.0ms)
  Rendered devise/registrations/new.html.erb within layouts/application (Duration: 2.8ms | GC: 0.3ms)
  Rendered layout layouts/application.html.erb (Duration: 5.2ms | GC: 0.5ms)
Completed 200 OK in 8ms (Views: 5.6ms | ActiveRecord: 0.0ms (0 queries, 0 cached) | GC: 0.5ms)


Started POST "/users/sign_in" for ::1 at 2024-09-18 14:46:08 +0900
Processing by Devise::SessionsController#create as TURBO_STREAM
  Parameters: {"user"=>{"email"=>"[FILTERED]", "password"=>"[FILTERED]", "remember_me"=>"0"}, "commit"=>"Log in"}
  [1m[36mUser Load (0.2ms)[0m  [1m[34mSELECT "users".* FROM "users" WHERE "users"."email" = ? ORDER BY "users"."id" ASC LIMIT ?[0m  [["email", "[FILTERED]"], ["LIMIT", 1]]
Redirected to http://localhost:3000/posts
Completed 303 See Other in 232ms (ActiveRecord: 0.2ms (1 query, 0 cached) | GC: 0.2ms)


Started GET "/posts" for ::1 at 2024-09-18 14:46:08 +0900
Processing by PostsController#index as TURBO_STREAM
  Rendering layout layouts/application.html.erb
  Rendering posts/index.html.erb within layouts/application
  [1m[36mPost Load (0.0ms)[0m  [1m[34mSELECT "posts".* FROM "posts"[0m
  â†³ app/views/posts/index.html.erb:10
  [1m[36mUser Load (0.0ms)[0m  [1m[34mSELECT "users".* FROM "users" WHERE "users"."id" = ? ORDER BY "users"."id" ASC LIMIT ?[0m  [["id", 2], ["LIMIT", 1]]
  â†³ app/views/posts/index.html.erb:32
  Rendered posts/index.html.erb within layouts/application (Duration: 1.2ms | GC: 0.1ms)
  Rendered layout layouts/application.html.erb (Duration: 1.9ms | GC: 0.2ms)
Completed 200 OK in 2ms (Views: 1.9ms | ActiveRecord: 0.0ms (2 queries, 0 cached) | GC: 0.2ms)


Started GET "/users/sign_in" for ::1 at 2024-09-18 14:46:11 +0900
Processing by Devise::SessionsController#new as HTML
  [1m[36mUser Load (0.1ms)[0m  [1m[34mSELECT "users".* FROM "users" WHERE "users"."id" = ? ORDER BY "users"."id" ASC LIMIT ?[0m  [["id", 2], ["LIMIT", 1]]
Redirected to http://localhost:3000/posts
Filter chain halted as :require_no_authentication rendered or redirected
Completed 302 Found in 3ms (ActiveRecord: 0.1ms (1 query, 0 cached) | GC: 0.2ms)


Started GET "/posts" for ::1 at 2024-09-18 14:46:11 +0900
Processing by PostsController#index as HTML
  Rendering layout layouts/application.html.erb
  Rendering posts/index.html.erb within layouts/application
  [1m[36mPost Load (0.1ms)[0m  [1m[34mSELECT "posts".* FROM "posts"[0m
  â†³ app/views/posts/index.html.erb:10
  [1m[36mUser Load (0.0ms)[0m  [1m[34mSELECT "users".* FROM "users" WHERE "users"."id" = ? ORDER BY "users"."id" ASC LIMIT ?[0m  [["id", 2], ["LIMIT", 1]]
  â†³ app/views/posts/index.html.erb:32
  Rendered posts/index.html.erb within layouts/application (Duration: 4.9ms | GC: 2.4ms)
  Rendered layout layouts/application.html.erb (Duration: 10.8ms | GC: 6.8ms)
Completed 200 OK in 12ms (Views: 11.0ms | ActiveRecord: 0.1ms (2 queries, 0 cached) | GC: 7.0ms)


Started GET "/posts" for ::1 at 2024-09-18 14:56:09 +0900
  [1m[36mActiveRecord::SchemaMigration Load (0.1ms)[0m  [1m[34mSELECT "schema_migrations"."version" FROM "schema_migrations" ORDER BY "schema_migrations"."version" ASC[0m
Processing by PostsController#index as HTML
  Rendering layout layouts/application.html.erb
  Rendering posts/index.html.erb within layouts/application
  [1m[36mPost Load (0.5ms)[0m  [1m[34mSELECT "posts".* FROM "posts"[0m
  â†³ app/views/posts/index.html.erb:10
  [1m[36mUser Load (0.0ms)[0m  [1m[34mSELECT "users".* FROM "users" WHERE "users"."id" = ? ORDER BY "users"."id" ASC LIMIT ?[0m  [["id", 2], ["LIMIT", 1]]
  â†³ app/views/posts/index.html.erb:30
  Rendered posts/index.html.erb within layouts/application (Duration: 12.0ms | GC: 0.0ms)
  Rendered layout layouts/application.html.erb (Duration: 29.7ms | GC: 0.0ms)
Completed 200 OK in 42ms (Views: 30.5ms | ActiveRecord: 0.9ms (2 queries, 0 cached) | GC: 0.0ms)


Started GET "/manifest.json" for ::1 at 2024-09-18 14:56:09 +0900
Processing by Rails::PwaController#manifest as JSON
  Rendering pwa/manifest.json.erb
  Rendered pwa/manifest.json.erb (Duration: 0.2ms | GC: 0.0ms)
Completed 200 OK in 1ms (Views: 0.9ms | ActiveRecord: 0.0ms (0 queries, 0 cached) | GC: 0.0ms)


Started GET "/posts/new" for ::1 at 2024-09-18 14:56:10 +0900
Processing by PostsController#new as HTML
  Rendering layout layouts/application.html.erb
  Rendering posts/new.html.erb within layouts/application
  Rendered posts/new.html.erb within layouts/application (Duration: 3.8ms | GC: 0.0ms)
  Rendered layout layouts/application.html.erb (Duration: 5.6ms | GC: 0.0ms)
Completed 200 OK in 8ms (Views: 6.0ms | ActiveRecord: 0.0ms (0 queries, 0 cached) | GC: 0.0ms)


Started GET "/posts/new" for ::1 at 2024-09-18 14:56:48 +0900
Processing by PostsController#new as HTML
  Rendering layout layouts/application.html.erb
  Rendering posts/new.html.erb within layouts/application
  Rendered posts/new.html.erb within layouts/application (Duration: 1.7ms | GC: 0.1ms)
  Rendered layout layouts/application.html.erb (Duration: 9.6ms | GC: 0.9ms)
Completed 200 OK in 14ms (Views: 10.2ms | ActiveRecord: 0.6ms (0 queries, 0 cached) | GC: 1.2ms)


Started GET "/manifest.json" for ::1 at 2024-09-18 14:56:49 +0900
Processing by Rails::PwaController#manifest as JSON
  Rendering pwa/manifest.json.erb
  Rendered pwa/manifest.json.erb (Duration: 0.1ms | GC: 0.0ms)
Completed 200 OK in 1ms (Views: 0.8ms | ActiveRecord: 0.0ms (0 queries, 0 cached) | GC: 0.0ms)


Started GET "/posts/new" for ::1 at 2024-09-18 14:57:44 +0900
Processing by PostsController#new as HTML
  Rendering layout layouts/application.html.erb
  Rendering posts/new.html.erb within layouts/application
  Rendered posts/new.html.erb within layouts/application (Duration: 2.5ms | GC: 0.3ms)
  Rendered layout layouts/application.html.erb (Duration: 12.1ms | GC: 2.0ms)
Completed 200 OK in 36ms (Views: 13.1ms | ActiveRecord: 4.4ms (0 queries, 0 cached) | GC: 17.4ms)


Started GET "/manifest.json" for ::1 at 2024-09-18 14:57:45 +0900
Processing by Rails::PwaController#manifest as JSON
  Rendering pwa/manifest.json.erb
  Rendered pwa/manifest.json.erb (Duration: 0.1ms | GC: 0.0ms)
Completed 200 OK in 1ms (Views: 0.9ms | ActiveRecord: 0.0ms (0 queries, 0 cached) | GC: 0.0ms)


Started POST "/posts" for ::1 at 2024-09-18 14:57:46 +0900
Processing by PostsController#create as TURBO_STREAM
  Parameters: {"post"=>{"title"=>"", "content"=>"", "category"=>"æ ¡å¤–ã«é–¢ã™ã‚‹ã“ã¨"}, "commit"=>"æŠ•ç¨¿"}
  [1m[36mTRANSACTION (0.1ms)[0m  [1m[36mbegin transaction[0m
  â†³ app/controllers/posts_controller.rb:14:in `create'
  [1m[36mPost Create (2.0ms)[0m  [1m[32mINSERT INTO "posts" ("title", "content", "category", "created_at", "updated_at") VALUES (?, ?, ?, ?, ?) RETURNING "id"[0m  [["title", ""], ["content", ""], ["category", "æ ¡å¤–ã«é–¢ã™ã‚‹ã“ã¨"], ["created_at", "2024-09-18 05:57:46.846129"], ["updated_at", "2024-09-18 05:57:46.846129"]]
  â†³ app/controllers/posts_controller.rb:14:in `create'
  [1m[36mTRANSACTION (0.4ms)[0m  [1m[36mcommit transaction[0m
  â†³ app/controllers/posts_controller.rb:14:in `create'
Redirected to http://localhost:3000/posts
Completed 302 Found in 7ms (ActiveRecord: 2.5ms (1 query, 0 cached) | GC: 0.3ms)


Started GET "/posts" for ::1 at 2024-09-18 14:57:46 +0900
Processing by PostsController#index as TURBO_STREAM
  Rendering layout layouts/application.html.erb
  Rendering posts/index.html.erb within layouts/application
  [1m[36mPost Load (0.1ms)[0m  [1m[34mSELECT "posts".* FROM "posts"[0m
  â†³ app/views/posts/index.html.erb:10
  [1m[36mUser Load (0.1ms)[0m  [1m[34mSELECT "users".* FROM "users" WHERE "users"."id" = ? ORDER BY "users"."id" ASC LIMIT ?[0m  [["id", 2], ["LIMIT", 1]]
  â†³ app/views/posts/index.html.erb:30
  Rendered posts/index.html.erb within layouts/application (Duration: 9.9ms | GC: 0.6ms)
  Rendered layout layouts/application.html.erb (Duration: 11.1ms | GC: 0.6ms)
Completed 200 OK in 12ms (Views: 11.0ms | ActiveRecord: 0.4ms (2 queries, 0 cached) | GC: 0.6ms)


Started GET "/posts" for ::1 at 2024-09-18 15:00:15 +0900
Processing by PostsController#index as HTML
  Rendering layout layouts/application.html.erb
  Rendering posts/index.html.erb within layouts/application
  [1m[36mPost Load (2.9ms)[0m  [1m[34mSELECT "posts".* FROM "posts"[0m
  â†³ app/views/posts/index.html.erb:10
  Rendered posts/index.html.erb within layouts/application (Duration: 10.3ms | GC: 0.4ms)
  Rendered layout layouts/application.html.erb (Duration: 10.4ms | GC: 0.4ms)
Completed 500 Internal Server Error in 13ms (ActiveRecord: 3.0ms (1 query, 0 cached) | GC: 0.5ms)


  
ActionView::Template::Error (undefined method `user' for #<Post id: 4, title: "ã‚", content: "ã‚", category: nil, created_at: "2024-09-18 14:45:58.983540000 +0900", updated_at: "2024-09-18 14:45:58.983540000 +0900">):

Causes:
NoMethodError (undefined method `user' for #<Post id: 4, title: "ã‚", content: "ã‚", category: nil, created_at: "2024-09-18 14:45:58.983540000 +0900", updated_at: "2024-09-18 14:45:58.983540000 +0900">)
    13:     <p><%= post.content %></p>
    14:     <p><%= post.category %></p>
    15:     <p><%= post.id %></p>
    16:     <% if post.user %>
    17:       <p><%= post.user.name %></p>
    18:     <% else %>
    19:       <p>ãƒ¦ãƒ¼ã‚¶ãƒ¼æƒ…å ±ãŒã‚ã‚Šã¾ã›ã‚“</p>
  
app/views/posts/index.html.erb:16
app/views/posts/index.html.erb:10
Started GET "/posts" for ::1 at 2024-09-18 15:00:40 +0900
Processing by PostsController#index as HTML
  Rendering layout layouts/application.html.erb
  Rendering posts/index.html.erb within layouts/application
  [1m[36mPost Load (0.2ms)[0m  [1m[34mSELECT "posts".* FROM "posts"[0m
  â†³ app/views/posts/index.html.erb:10
  Rendered posts/index.html.erb within layouts/application (Duration: 11.0ms | GC: 1.8ms)
  Rendered layout layouts/application.html.erb (Duration: 11.2ms | GC: 1.8ms)
Completed 500 Internal Server Error in 14ms (ActiveRecord: 0.2ms (1 query, 0 cached) | GC: 1.8ms)


  
ActionView::Template::Error (undefined method `user' for #<Post id: 4, title: "ã‚", content: "ã‚", category: nil, created_at: "2024-09-18 14:45:58.983540000 +0900", updated_at: "2024-09-18 14:45:58.983540000 +0900">):

Causes:
NoMethodError (undefined method `user' for #<Post id: 4, title: "ã‚", content: "ã‚", category: nil, created_at: "2024-09-18 14:45:58.983540000 +0900", updated_at: "2024-09-18 14:45:58.983540000 +0900">)
    13:     <p><%= post.content %></p>
    14:     <p><%= post.category %></p>
    15:     <p><%= post.id %></p>
    16:     <% if post.user %>
    17:       <p><%= post.user.name %></p>
    18:     <% else %>
    19:       <p>ãƒ¦ãƒ¼ã‚¶ãƒ¼æƒ…å ±ãŒã‚ã‚Šã¾ã›ã‚“</p>
  
app/views/posts/index.html.erb:16
app/views/posts/index.html.erb:10
Started GET "/posts" for ::1 at 2024-09-18 15:00:45 +0900
Processing by PostsController#index as HTML
  Rendering layout layouts/application.html.erb
  Rendering posts/index.html.erb within layouts/application
  [1m[36mPost Load (0.2ms)[0m  [1m[34mSELECT "posts".* FROM "posts"[0m
  â†³ app/views/posts/index.html.erb:10
  Rendered posts/index.html.erb within layouts/application (Duration: 8.7ms | GC: 1.0ms)
  Rendered layout layouts/application.html.erb (Duration: 9.1ms | GC: 1.0ms)
Completed 500 Internal Server Error in 10ms (ActiveRecord: 0.2ms (1 query, 0 cached) | GC: 1.0ms)


  
ActionView::Template::Error (undefined method `user' for #<Post id: 4, title: "ã‚", content: "ã‚", category: nil, created_at: "2024-09-18 14:45:58.983540000 +0900", updated_at: "2024-09-18 14:45:58.983540000 +0900">):

Causes:
NoMethodError (undefined method `user' for #<Post id: 4, title: "ã‚", content: "ã‚", category: nil, created_at: "2024-09-18 14:45:58.983540000 +0900", updated_at: "2024-09-18 14:45:58.983540000 +0900">)
    13:     <p><%= post.content %></p>
    14:     <p><%= post.category %></p>
    15:     <p><%= post.id %></p>
    16:     <% if post.user %>
    17:       <p><%= post.user.name %></p>
    18:     <% else %>
    19:       <p>ãƒ¦ãƒ¼ã‚¶ãƒ¼æƒ…å ±ãŒã‚ã‚Šã¾ã›ã‚“</p>
  
app/views/posts/index.html.erb:16
app/views/posts/index.html.erb:10
Started GET "/posts" for ::1 at 2024-09-18 15:01:09 +0900
Processing by PostsController#index as HTML
  Rendering layout layouts/application.html.erb
  Rendering posts/index.html.erb within layouts/application
  [1m[36mPost Load (0.6ms)[0m  [1m[34mSELECT "posts".* FROM "posts"[0m
  â†³ app/views/posts/index.html.erb:10
  [1m[36mUser Load (0.0ms)[0m  [1m[34mSELECT "users".* FROM "users" WHERE "users"."id" = ? ORDER BY "users"."id" ASC LIMIT ?[0m  [["id", 2], ["LIMIT", 1]]
  â†³ app/views/posts/index.html.erb:29
  Rendered posts/index.html.erb within layouts/application (Duration: 6.7ms | GC: 0.5ms)
  Rendered layout layouts/application.html.erb (Duration: 15.0ms | GC: 1.7ms)
Completed 200 OK in 18ms (Views: 14.8ms | ActiveRecord: 0.8ms (2 queries, 0 cached) | GC: 1.8ms)


Started GET "/manifest.json" for ::1 at 2024-09-18 15:01:09 +0900
Processing by Rails::PwaController#manifest as JSON
  Rendering pwa/manifest.json.erb
  Rendered pwa/manifest.json.erb (Duration: 0.1ms | GC: 0.0ms)
Completed 200 OK in 1ms (Views: 0.8ms | ActiveRecord: 0.0ms (0 queries, 0 cached) | GC: 0.0ms)


Started GET "/posts/4/edit" for ::1 at 2024-09-18 15:01:12 +0900
Processing by PostsController#edit as HTML
  Parameters: {"id"=>"4"}
  [1m[36mPost Load (0.3ms)[0m  [1m[34mSELECT "posts".* FROM "posts" WHERE "posts"."id" = ? LIMIT ?[0m  [["id", 4], ["LIMIT", 1]]
  â†³ app/controllers/posts_controller.rb:48:in `set_post'
  [1m[36mCACHE Post Load (0.0ms)[0m  [1m[34mSELECT "posts".* FROM "posts" WHERE "posts"."id" = ? LIMIT ?[0m  [["id", 4], ["LIMIT", 1]]
  â†³ app/controllers/posts_controller.rb:22:in `edit'
  Rendering layout layouts/application.html.erb
  Rendering posts/edit.html.erb within layouts/application
  Rendered posts/edit.html.erb within layouts/application (Duration: 2.5ms | GC: 0.3ms)
  Rendered layout layouts/application.html.erb (Duration: 4.3ms | GC: 0.5ms)
Completed 200 OK in 11ms (Views: 4.6ms | ActiveRecord: 0.3ms (2 queries, 1 cached) | GC: 1.0ms)


Started DELETE "/posts/4" for ::1 at 2024-09-18 15:01:17 +0900
Processing by PostsController#destroy as TURBO_STREAM
  Parameters: {"id"=>"4"}
  [1m[36mPost Load (0.2ms)[0m  [1m[34mSELECT "posts".* FROM "posts" WHERE "posts"."id" = ? LIMIT ?[0m  [["id", 4], ["LIMIT", 1]]
  â†³ app/controllers/posts_controller.rb:48:in `set_post'
  [1m[36mCACHE Post Load (0.0ms)[0m  [1m[34mSELECT "posts".* FROM "posts" WHERE "posts"."id" = ? LIMIT ?[0m  [["id", 4], ["LIMIT", 1]]
  â†³ app/controllers/posts_controller.rb:36:in `destroy'
  [1m[36mTRANSACTION (0.1ms)[0m  [1m[36mbegin transaction[0m
  â†³ app/controllers/posts_controller.rb:37:in `destroy'
  [1m[36mPost Destroy (2.4ms)[0m  [1m[31mDELETE FROM "posts" WHERE "posts"."id" = ?[0m  [["id", 4]]
  â†³ app/controllers/posts_controller.rb:37:in `destroy'
  [1m[36mTRANSACTION (0.4ms)[0m  [1m[36mcommit transaction[0m
  â†³ app/controllers/posts_controller.rb:37:in `destroy'
Redirected to http://localhost:3000/posts
Completed 302 Found in 12ms (ActiveRecord: 3.1ms (3 queries, 1 cached) | GC: 1.2ms)


Started GET "/posts" for ::1 at 2024-09-18 15:01:17 +0900
Processing by PostsController#index as TURBO_STREAM
  Rendering layout layouts/application.html.erb
  Rendering posts/index.html.erb within layouts/application
  [1m[36mPost Load (0.0ms)[0m  [1m[34mSELECT "posts".* FROM "posts"[0m
  â†³ app/views/posts/index.html.erb:10
  [1m[36mUser Load (0.0ms)[0m  [1m[34mSELECT "users".* FROM "users" WHERE "users"."id" = ? ORDER BY "users"."id" ASC LIMIT ?[0m  [["id", 2], ["LIMIT", 1]]
  â†³ app/views/posts/index.html.erb:29
  Rendered posts/index.html.erb within layouts/application (Duration: 3.1ms | GC: 0.2ms)
  Rendered layout layouts/application.html.erb (Duration: 4.6ms | GC: 0.4ms)
Completed 200 OK in 6ms (Views: 4.9ms | ActiveRecord: 0.1ms (2 queries, 0 cached) | GC: 0.4ms)


Started DELETE "/posts/5" for ::1 at 2024-09-18 15:01:17 +0900
Processing by PostsController#destroy as TURBO_STREAM
  Parameters: {"id"=>"5"}
  [1m[36mPost Load (0.1ms)[0m  [1m[34mSELECT "posts".* FROM "posts" WHERE "posts"."id" = ? LIMIT ?[0m  [["id", 5], ["LIMIT", 1]]
  â†³ app/controllers/posts_controller.rb:48:in `set_post'
  [1m[36mCACHE Post Load (0.0ms)[0m  [1m[34mSELECT "posts".* FROM "posts" WHERE "posts"."id" = ? LIMIT ?[0m  [["id", 5], ["LIMIT", 1]]
  â†³ app/controllers/posts_controller.rb:36:in `destroy'
  [1m[36mTRANSACTION (0.1ms)[0m  [1m[36mbegin transaction[0m
  â†³ app/controllers/posts_controller.rb:37:in `destroy'
  [1m[36mPost Destroy (1.4ms)[0m  [1m[31mDELETE FROM "posts" WHERE "posts"."id" = ?[0m  [["id", 5]]
  â†³ app/controllers/posts_controller.rb:37:in `destroy'
  [1m[36mTRANSACTION (0.1ms)[0m  [1m[36mcommit transaction[0m
  â†³ app/controllers/posts_controller.rb:37:in `destroy'
Redirected to http://localhost:3000/posts
Completed 302 Found in 7ms (ActiveRecord: 1.7ms (3 queries, 1 cached) | GC: 0.2ms)


Started GET "/posts" for ::1 at 2024-09-18 15:01:18 +0900
Processing by PostsController#index as TURBO_STREAM
  Rendering layout layouts/application.html.erb
  Rendering posts/index.html.erb within layouts/application
  [1m[36mPost Load (0.0ms)[0m  [1m[34mSELECT "posts".* FROM "posts"[0m
  â†³ app/views/posts/index.html.erb:10
  [1m[36mUser Load (0.0ms)[0m  [1m[34mSELECT "users".* FROM "users" WHERE "users"."id" = ? ORDER BY "users"."id" ASC LIMIT ?[0m  [["id", 2], ["LIMIT", 1]]
  â†³ app/views/posts/index.html.erb:29
  Rendered posts/index.html.erb within layouts/application (Duration: 2.5ms | GC: 0.3ms)
  Rendered layout layouts/application.html.erb (Duration: 4.0ms | GC: 0.6ms)
Completed 200 OK in 5ms (Views: 4.2ms | ActiveRecord: 0.1ms (2 queries, 0 cached) | GC: 0.6ms)


Started GET "/posts/new" for ::1 at 2024-09-18 15:01:19 +0900
Processing by PostsController#new as HTML
  Rendering layout layouts/application.html.erb
  Rendering posts/new.html.erb within layouts/application
  Rendered posts/new.html.erb within layouts/application (Duration: 2.2ms | GC: 0.5ms)
  Rendered layout layouts/application.html.erb (Duration: 4.4ms | GC: 0.9ms)
Completed 200 OK in 6ms (Views: 4.8ms | ActiveRecord: 0.0ms (0 queries, 0 cached) | GC: 0.9ms)


Started POST "/posts" for ::1 at 2024-09-18 15:01:23 +0900
Processing by PostsController#create as TURBO_STREAM
  Parameters: {"post"=>{"title"=>"ã‚", "content"=>"ã‚", "category"=>"æ ¡å¤–ã«é–¢ã™ã‚‹ã“ã¨"}, "commit"=>"æŠ•ç¨¿"}
  [1m[36mTRANSACTION (0.1ms)[0m  [1m[36mbegin transaction[0m
  â†³ app/controllers/posts_controller.rb:14:in `create'
  [1m[36mPost Create (1.7ms)[0m  [1m[32mINSERT INTO "posts" ("title", "content", "category", "created_at", "updated_at") VALUES (?, ?, ?, ?, ?) RETURNING "id"[0m  [["title", "ã‚"], ["content", "ã‚"], ["category", "æ ¡å¤–ã«é–¢ã™ã‚‹ã“ã¨"], ["created_at", "2024-09-18 06:01:23.105617"], ["updated_at", "2024-09-18 06:01:23.105617"]]
  â†³ app/controllers/posts_controller.rb:14:in `create'
  [1m[36mTRANSACTION (0.1ms)[0m  [1m[36mcommit transaction[0m
  â†³ app/controllers/posts_controller.rb:14:in `create'
Redirected to http://localhost:3000/posts
Completed 302 Found in 6ms (ActiveRecord: 1.9ms (1 query, 0 cached) | GC: 0.4ms)


Started GET "/posts" for ::1 at 2024-09-18 15:01:23 +0900
Processing by PostsController#index as TURBO_STREAM
  Rendering layout layouts/application.html.erb
  Rendering posts/index.html.erb within layouts/application
  [1m[36mPost Load (0.1ms)[0m  [1m[34mSELECT "posts".* FROM "posts"[0m
  â†³ app/views/posts/index.html.erb:10
  [1m[36mUser Load (0.4ms)[0m  [1m[34mSELECT "users".* FROM "users" WHERE "users"."id" = ? ORDER BY "users"."id" ASC LIMIT ?[0m  [["id", 2], ["LIMIT", 1]]
  â†³ app/views/posts/index.html.erb:29
  Rendered posts/index.html.erb within layouts/application (Duration: 2.9ms | GC: 0.3ms)
  Rendered layout layouts/application.html.erb (Duration: 4.5ms | GC: 0.6ms)
Completed 200 OK in 5ms (Views: 4.3ms | ActiveRecord: 0.5ms (2 queries, 0 cached) | GC: 0.6ms)


